Added Parameter Package= to Part D?
Added Parameter Package= to Part Q?
Added Parameter Package= to Part Q?
Added Parameter Package= to Part Q?
Added Parameter Package= to Part Q?
Added Parameter Package= to Part Q?
Added Parameter Package= to Part Q?
Added Parameter Package= to Part Q?
Added Parameter Package= to Part U?
Added Parameter Package= to Part U?
Added Parameter Package= to Part U?
Added Parameter Package= to Part U?
Added Parameter Package= to Part U?
Added Parameter Package= to Part U?
Added Parameter Package= to Part U?
Added Parameter Package= to Part U?
Added Parameter Package= to Part B?
Added Parameter Package= to Part U?
Added Parameter Package= to Part U?
Added Parameter Package= to Part U?
Added Parameter Package= to Part U?
Added Parameter Package= to Part U?
Added Parameter Package= to Part U?
Added Parameter Package= to Part U?
Added Parameter Package= to Part U?
Added Parameter Package= to Part U?
Added Parameter Package= to Part U?
Added Parameter Package= to Part U?
Added Parameter Package= to Part D?
Added Parameter Package= to Part D?
Added Parameter Package= to Part D?
Added Parameter Package= to Part D?
Added Parameter Package= to Part Q?
Added Parameter Package= to Part Q?
Added Parameter Package= to Part Tr?
Added Parameter Package= to Part Q?
Added Parameter Package= to Part Tr?
Added Parameter Package= to Part Q?
Added Parameter Package= to Part Tr?
Added Parameter Package= to Part Q?
Added Parameter Package= to Part Q?
Added Parameter Package= to Part Q?
Added Parameter Package= to Part U?
Added Parameter Package= to Part D?
Added Parameter Package= to Part D?
Added Parameter Package= to Part D?
Added Parameter Package= to Part Q?
Added Parameter Package= to Part U?
Added Parameter Package= to Part U?
Added Parameter Package= to Part DC To DC?
Added Parameter Package= to Part DC To DC?
Added Parameter Package= to Part DB?
Added Parameter Package= to Part D?
Added Parameter Package= to Part D?
Added Parameter Package= to Part D?
Added Parameter Package= to Part D?
Added Parameter Package= to Part Q?
Added Parameter Package= to Part U?
Added Parameter Package= to Part U?
Added Parameter Package= to Part M?
Added Parameter Package= to Part U?
Added Parameter Package= to Part U?
Added Parameter Package= to Part U?
Added Parameter Package= to Part U?
Added Parameter Package= to Part Q?
Added Parameter Package= to Part Q?
Added Parameter Package= to Part Q?
Added Parameter Package= to Part U?
Added Parameter Package= to Part U?
Added Parameter Package= to Part U?
Added Parameter Package= to Part U?
Added Parameter Package= to Part U?
Added Parameter Package= to Part U?
Added Parameter Package= to Part U?
Added Parameter Package= to Part U?
Added Parameter Package= to Part Q?
Added Parameter Package= to Part Q?
Added Parameter Package= to Part U?
Added Parameter Package= to Part Q?
Added Parameter Package= to Part Q?
Added Parameter Package= to Part D?
Added Parameter Package= to Part D?
Added Parameter Package= to Part U?
Added Parameter Package= to Part U?
Added Parameter Package= to Part U?
Added Parameter Package= to Part U?
Added Parameter Package= to Part U?
Added Parameter Package= to Part U?
Added Parameter Package= to Part U?
Added Parameter Package= to Part U?
Added Parameter Package= to Part U?
Added Parameter Package= to Part U5
Added Parameter Package= to Part U?
Added Parameter Package= to Part U?
Added Parameter Package= to Part U?
Added Parameter Package= to Part U?
Added Parameter Package= to Part U?
Added Parameter Package= to Part U?
Added Parameter Package= to Part U?
Added Parameter Package= to Part U5
Added Parameter Package= to Part U?
Added Parameter Package= to Part U?
Added Parameter Package= to Part U?
Added Parameter Package= to Part U?
Added Parameter Package= to Part U?
Added Parameter Package= to Part U?
Added Parameter Package= to Part U?
Added Parameter Package= to Part U?
Added Parameter Package= to Part D?
Added Parameter Package= to Part U?
Added Parameter Package= to Part U?
Added Parameter Package= to Part U?
Added Parameter Package= to Part U?
Added Parameter Package= to Part U?
Added Parameter Package= to Part U?
Added Parameter Package= to Part U?
Added Parameter Package= to Part U?
Added Parameter Package= to Part Q?
Added Parameter Package= to Part D?
Added Parameter Package= to Part U?
Added Parameter Package= to Part Q?
Added Parameter Package= to Part Q?
Added Parameter Package= to Part U?
Added Parameter Package= to Part U?
Added Parameter Package= to Part U?
Added Parameter Package= to Part U?
Added Parameter Package= to Part U?
Added Parameter Package= to Part RF?
Added Parameter Package= to Part U?
Added Parameter Package= to Part U?
Added Parameter Package= to Part U?
Added Parameter Package= to Part U?
Added Parameter Package= to Part U?
Added Parameter Package= to Part Q?
Added Parameter Package= to Part =Value
Added Parameter Package= to Part =Value
Added Parameter Package= to Part Q?
Added Parameter Package= to Part U?
Added Parameter Package= to Part U?
Added Parameter Package= to Part U?
Added Parameter Package= to Part U?
Added Parameter Package= to Part U?
Added Parameter Package= to Part U5
Added Parameter Package= to Part Q?
Added Parameter Package= to Part M?
Added Parameter Package= to Part U?
Added Parameter Package= to Part U?
Added Parameter Package= to Part U?
Added Parameter Package= to Part Sim?
Added Parameter Package= to Part U?
Added Parameter Package= to Part U?
Added Parameter Package= to Part M?
Added Parameter Package= to Part U?
Added Parameter Package= to Part U?
Added Parameter Package= to Part U?
Added Parameter Package= to Part U?
Added Parameter Package= to Part U?
Added Parameter Package= to Part U?
Added Parameter Package= to Part U?
Added Parameter Package= to Part U?
Added Parameter Package= to Part U?
Added Parameter Package= to Part U?
Added Parameter Package= to Part U?
Added Parameter Package= to Part Q?
Added Parameter Package= to Part Q?
Added Parameter Package= to Part Q?
Added Parameter Package= to Part U?
Added Parameter Package= to Part U?
Added Parameter Package= to Part U?
Added Parameter Package= to Part U?
Added Parameter Package= to Part U?
Added Parameter Package= to Part U?
Added Parameter Package= to Part U?
Added Parameter Package= to Part U?
Added Parameter Package= to Part U?
Added Parameter Package= to Part U?
Added Parameter Package= to Part U?
Added Parameter Package= to Part SCR?
Added Parameter Package= to Part U?
Added Parameter Package= to Part U?
Added Parameter Package= to Part U?
Added Parameter Package= to Part U?
Added Parameter Package= to Part U?
Added Parameter Package= to Part U?
Added Parameter Package= to Part U?
Added Parameter Package= to Part U?
Added Parameter Package= to Part U?
Added Parameter Package= to Part Q?
Added Parameter Package= to Part U?
