Removed Parameter PartNumber:FM33LG048 from Part U?
Change Value of Parameter Temperature Range in Part D? Old=-xx°C ~ xxx°C New=-x°C to x°C
Change Value of Parameter Temperature Range in Part Q? Old=-xx°C ~ xxx°C New=-x°C to x°C
Change Value of Parameter Temperature Range in Part Q? Old=-xx°C ~ xxx°C New=-x°C to x°C
Change Value of Parameter Temperature Range in Part Q? Old=-xx°C ~ xxx°C New=-x°C to x°C
Change Value of Parameter Temperature Range in Part Q? Old=-xx°C ~ xxx°C New=-x°C to x°C
Change Value of Parameter Temperature Range in Part Q? Old=-xx°C ~ xxx°C New=-x°C to x°C
Change Value of Parameter Temperature Range in Part Q? Old=-xx°C ~ xxx°C New=-x°C to x°C
Change Value of Parameter Temperature Range in Part Q? Old=-xx°C ~ xxx°C New=-x°C to x°C
Change Value of Parameter Temperature Range in Part U? Old=-xx°C ~ xxx°C New=-x°C to x°C
Change Value of Parameter Temperature Range in Part U? Old=-xx°C ~ xxx°C New=-x°C to x°C
Change Value of Parameter Temperature Range in Part U? Old=-xx°C ~ xxx°C New=-x°C to x°C
Change Value of Parameter Temperature Range in Part U? Old=-xx°C ~ xxx°C New=-x°C to x°C
Change Value of Parameter Temperature Range in Part U? Old=-xx°C ~ xxx°C New=-x°C to x°C
Change Value of Parameter Temperature Range in Part U? Old=-xx°C ~ xxx°C New=-x°C to x°C
Change Value of Parameter Temperature Range in Part U? Old=-xx°C ~ xxx°C New=-x°C to x°C
Change Value of Parameter Temperature Range in Part U? Old=-xx°C ~ xxx°C New=-x°C to x°C
Change Value of Parameter Temperature Range in Part B? Old=-xx°C ~ xxx°C New=-x°C to x°C
Change Value of Parameter Temperature Range in Part U? Old=-40°C ~ 150°C New=-40°C to 150°C
Change Value of Parameter Temperature Range in Part U? Old=-xx°C ~ xxx°C New=-x°C to x°C
Change Value of Parameter Temperature Range in Part U? Old=-xx°C ~ xxx°C New=-x°C to x°C
Change Value of Parameter Temperature Range in Part U? Old=-xx°C ~ xxx°C New=-x°C to x°C
Change Value of Parameter Temperature Range in Part U? Old=-xx°C ~ xxx°C New=-x°C to x°C
Change Value of Parameter Temperature Range in Part U? Old=-xx°C ~ xxx°C New=-x°C to x°C
Change Value of Parameter Temperature Range in Part U? Old=-xx°C ~ xxx°C New=-x°C to x°C
Change Value of Parameter Temperature Range in Part U? Old=-xx°C ~ xxx°C New=-x°C to x°C
Change Value of Parameter Temperature Range in Part U? Old=-xx°C ~ xxx°C New=-x°C to x°C
Change Value of Parameter Temperature Range in Part U? Old=-xx°C ~ xxx°C New=-x°C to x°C
Change Value of Parameter Temperature Range in Part U? Old=-xx°C ~ xxx°C New=-x°C to x°C
Change Value of Parameter Temperature Range in Part D? Old=-xx°C ~ xxx°C New=-x°C to x°C
Change Value of Parameter Temperature Range in Part D? Old=-xx°C ~ xxx°C New=-x°C to x°C
Change Value of Parameter Temperature Range in Part D? Old=-xx°C ~ xxx°C New=-x°C to x°C
Change Value of Parameter Temperature Range in Part D? Old=-xx°C ~ xxx°C New=-x°C to x°C
Change Value of Parameter Temperature Range in Part Q? Old=-xx°C ~ xxx°C New=-x°C to x°C
Change Value of Parameter Temperature Range in Part Q? Old=-xx°C ~ xxx°C New=-x°C to x°C
Change Value of Parameter Temperature Range in Part Tr? Old=-xx°C ~ xxx°C New=-x°C to x°C
Change Value of Parameter Specification in Part Q? Old== PartNumber + ' -NPN general-purpose transistors  45 V, 500 mA ' New==PartNumber + ' -NPN general-purpose transistors  45 V, 500 mA '
Change Value of Parameter Temperature Range in Part Tr? Old=-xx°C ~ xxx°C New=-x°C to x°C
Change Value of Parameter Temperature Range in Part Q? Old=-65°C ~ 150 °C New=-40°C to 85°C
Change Value of Parameter Temperature Range in Part Tr? Old=-xx°C ~ xxx°C New=-x°C to x°C
Change Value of Parameter Temperature Range in Part Q? Old=-xx°C ~ xxx°C New=-x°C to x°C
Change Value of Parameter Temperature Range in Part Q? Old=-xx°C ~ xxx°C New=-x°C to x°C
Change Value of Parameter Temperature Range in Part Q? Old=-xx°C ~ xxx°C New=-x°C to x°C
Change Value of Parameter Temperature Range in Part U? Old=-xx°C ~ xxx°C New=-x°C to x°C
Change Value of Parameter Temperature Range in Part D? Old=-xx°C ~ xxx°C New=-x°C to x°C
Change Value of Parameter Temperature Range in Part D? Old=-xx°C ~ xxx°C New=-x°C to x°C
Change Value of Parameter Temperature Range in Part D? Old=-xx°C ~ xxx°C New=-x°C to x°C
Change Value of Parameter Temperature Range in Part Q? Old=-xx°C ~ xxx°C New=-x°C to x°C
Change Value of Parameter Temperature Range in Part U? Old=-xx°C ~ xxx°C New=-x°C to x°C
Change Value of Parameter Temperature Range in Part U? Old=-xx°C ~ xxx°C New=-x°C to x°C
Change Value of Parameter Temperature Range in Part DC To DC? Old=-xx°C ~ xxx°C New=-x°C to x°C
Change Value of Parameter Temperature Range in Part DC To DC? Old=-xx°C ~ xxx°C New=-x°C to x°C
Change Value of Parameter Temperature Range in Part D? Old=-xx°C ~ xxx°C New=-x°C to x°C
Change Value of Parameter Temperature Range in Part DB? Old=-xx°C ~ xxx°C New=-x°C to x°C
Change Value of Parameter Temperature Range in Part D? Old=-xx°C ~ xxx°C New=-x°C to x°C
Change Value of Parameter Temperature Range in Part D? Old=-xx°C ~ xxx°C New=-x°C to x°C
Change Value of Parameter Temperature Range in Part D? Old=-xx°C ~ xxx°C New=-x°C to x°C
Change Value of Parameter Temperature Range in Part Q? Old=-xx°C ~ xxx°C New=-x°C to x°C
Change Value of Parameter Temperature Range in Part U? Old=-xx°C ~ xxx°C New=-x°C to x°C
Change Value of Parameter Temperature Range in Part U? Old=-xx°C ~ xxx°C New=-x°C to x°C
Change Value of Parameter Temperature Range in Part M? Old=-xx°C ~ xxx°C New=-x°C to x°C
Change Value of Parameter Temperature Range in Part U? Old=-xx°C ~ xxx°C New=-x°C to x°C
Change Value of Parameter Temperature Range in Part U? Old=-xx°C ~ xxx°C New=-x°C to x°C
Change Value of Parameter Temperature Range in Part U? Old=-xx°C ~ xxx°C New=-x°C to x°C
Change Value of Parameter Temperature Range in Part Q? Old=-xx°C ~ xxx°C New=-x°C to x°C
Change Value of Parameter Temperature Range in Part Q? Old=-xx°C ~ xxx°C New=-x°C to x°C
Change Value of Parameter Temperature Range in Part Q? Old=-xx°C ~ xxx°C New=-x°C to x°C
Change Value of Parameter Temperature Range in Part U? Old=-xx°C ~ xxx°C New=-x°C to x°C
Change Value of Parameter Temperature Range in Part U? Old=-xx°C ~ xxx°C New=-x°C to x°C
Change Value of Parameter Temperature Range in Part U? Old=-xx°C ~ xxx°C New=-x°C to x°C
Change Value of Parameter Temperature Range in Part U? Old=-xx°C ~ xxx°C New=-x°C to x°C
Change Value of Parameter Temperature Range in Part U? Old=-xx°C ~ xxx°C New=-x°C to x°C
Change Value of Parameter Temperature Range in Part U? Old=-xx°C ~ xxx°C New=-x°C to x°C
Change Value of Parameter Temperature Range in Part U? Old=-xx°C ~ xxx°C New=-x°C to x°C
Change Value of Parameter Temperature Range in Part U? Old=-xx°C ~ xxx°C New=-x°C to x°C
Change Value of Parameter Temperature Range in Part Q? Old=-xx°C ~ xxx°C New=-x°C to x°C
Change Value of Parameter Temperature Range in Part Q? Old=-xx°C ~ xxx°C New=-x°C to x°C
Change Value of Parameter Temperature Range in Part U? Old=-xx°C ~ xxx°C New=-x°C to x°C
Change Value of Parameter Temperature Range in Part Q? Old=-xx°C ~ xxx°C New=-x°C to x°C
Change Value of Parameter Temperature Range in Part Q? Old=-xx°C ~ xxx°C New=-x°C to x°C
Change Value of Parameter Temperature Range in Part D? Old=-xx°C ~ xxx°C New=-x°C to x°C
Change Value of Parameter Temperature Range in Part D? Old=-xx°C ~ xxx°C New=-x°C to x°C
Change Value of Parameter Temperature Range in Part U? Old=-xx°C ~ xxx°C New=-x°C to x°C
Change Value of Parameter Temperature Range in Part U? Old=-xx°C ~ xxx°C New=-x°C to x°C
Change Value of Parameter Temperature Range in Part U? Old=-xx°C ~ xxx°C New=-x°C to x°C
Change Value of Parameter Temperature Range in Part U? Old=-xx°C ~ xxx°C New=-x°C to x°C
Change Value of Parameter Temperature Range in Part U? Old=-xx°C ~ xxx°C New=-x°C to x°C
Change Value of Parameter Temperature Range in Part U? Old=-xx°C ~ xxx°C New=-x°C to x°C
Change Value of Parameter Temperature Range in Part U? Old=-xx°C ~ xxx°C New=-x°C to x°C
Change Value of Parameter Temperature Range in Part U? Old=-xx°C ~ xxx°C New=-x°C to x°C
Change Value of Parameter Temperature Range in Part U? Old=-xx°C ~ xxx°C New=-x°C to x°C
Change Value of Parameter Temperature Range in Part U5 Old=-xx°C ~ xxx°C New=-x°C to x°C
Change Value of Parameter Temperature Range in Part U? Old=-xx°C ~ xxx°C New=-x°C to x°C
Change Value of Parameter Temperature Range in Part U? Old=-xx°C ~ xxx°C New=-x°C to x°C
Change Value of Parameter Temperature Range in Part U? Old=-xx°C ~ xxx°C New=-x°C to x°C
Change Value of Parameter Temperature Range in Part U? Old=-xx°C ~ xxx°C New=-x°C to x°C
Change Value of Parameter Temperature Range in Part U? Old=-xx°C ~ xxx°C New=-x°C to x°C
Change Value of Parameter Temperature Range in Part U? Old=-xx°C ~ xxx°C New=-x°C to x°C
Change Value of Parameter Temperature Range in Part U? Old=-xx°C ~ xxx°C New=-x°C to x°C
Change Value of Parameter Temperature Range in Part U5 Old=-xx°C ~ xxx°C New=-x°C to x°C
Change Value of Parameter Temperature Range in Part U? Old=-xx°C ~ xxx°C New=-x°C to x°C
Change Value of Parameter Temperature Range in Part U? Old=-xx°C ~ xxx°C New=-x°C to x°C
Change Value of Parameter Temperature Range in Part U? Old=-xx°C ~ xxx°C New=-x°C to x°C
Change Value of Parameter Temperature Range in Part U? Old=-xx°C ~ xxx°C New=-x°C to x°C
Change Value of Parameter Temperature Range in Part U? Old=-xx°C ~ xxx°C New=-x°C to x°C
Change Value of Parameter Temperature Range in Part U? Old=-xx°C ~ xxx°C New=-x°C to x°C
Change Value of Parameter Temperature Range in Part U? Old=-xx°C ~ xxx°C New=-x°C to x°C
Change Value of Parameter Temperature Range in Part D? Old=-xx°C ~ xxx°C New=-x°C to x°C
Change Value of Parameter Temperature Range in Part U? Old=-xx°C ~ xxx°C New=-x°C to x°C
Change Value of Parameter Temperature Range in Part U? Old=-xx°C ~ xxx°C New=-x°C to x°C
Change Value of Parameter Temperature Range in Part U? Old=-xx°C ~ xxx°C New=-x°C to x°C
Change Value of Parameter Temperature Range in Part U? Old=-xx°C ~ xxx°C New=-x°C to x°C
Change Value of Parameter Temperature Range in Part U? Old=-xx°C ~ xxx°C New=-x°C to x°C
Change Value of Parameter Temperature Range in Part U? Old=-xx°C ~ xxx°C New=-x°C to x°C
Change Value of Parameter Temperature Range in Part U? Old=-xx°C ~ xxx°C New=-x°C to x°C
Change Value of Parameter Temperature Range in Part U? Old=-xx°C ~ xxx°C New=-x°C to x°C
Change Value of Parameter Temperature Range in Part Q? Old=-xx°C ~ xxx°C New=-x°C to x°C
Change Value of Parameter Temperature Range in Part D? Old=-xx°C ~ xxx°C New=-x°C to x°C
Change Value of Parameter Temperature Range in Part U? Old=-xx°C ~ xxx°C New=-x°C to x°C
Change Value of Parameter Temperature Range in Part Q? Old=-xx°C ~ xxx°C New=-x°C to x°C
Change Value of Parameter Temperature Range in Part Q? Old=-xx°C ~ xxx°C New=-x°C to x°C
Change Value of Parameter Temperature Range in Part U? Old=-xx°C ~ xxx°C New=-x°C to x°C
Change Value of Parameter Temperature Range in Part U? Old=-xx°C ~ xxx°C New=-x°C to x°C
Change Value of Parameter Temperature Range in Part U? Old=-xx°C ~ xxx°C New=-x°C to x°C
Change Value of Parameter Temperature Range in Part U? Old=-40°C ~ 125°C New=-40°C to 125°C
Change Value of Parameter Temperature Range in Part U? Old=-xx°C ~ xxx°C New=-x°C to x°C
Change Value of Parameter SMD Code in Part U? Old= New=NCV8402ASTT1G
Change Value of Parameter Temperature Range in Part U? Old=-40°C ~ 150°C New=-40°C to 150°C
Change Value of Parameter Temperature Range in Part RF? Old=-xx°C ~ xxx°C New=-x°C to x°C
Change Value of Parameter Temperature Range in Part U? Old=-xx°C ~ xxx°C New=-x°C to x°C
Change Value of Parameter Temperature Range in Part U? Old=-xx°C ~ xxx°C New=-x°C to x°C
Change Value of Parameter Temperature Range in Part U? Old=-xx°C ~ xxx°C New=-x°C to x°C
Change Value of Parameter Temperature Range in Part U? Old=-xx°C ~ xxx°C New=-x°C to x°C
Change Value of Parameter Temperature Range in Part U? Old=-xx°C ~ xxx°C New=-x°C to x°C
Change Value of Parameter Temperature Range in Part Q? Old=-xx°C ~ xxx°C New=-x°C to x°C
Change Value of Parameter Temperature Range in Part =Value Old=-xx°C ~ xxx°C New=-x°C to x°C
Change Value of Parameter Temperature Range in Part =Value Old=-xx°C ~ xxx°C New=-x°C to x°C
Change Value of Parameter Temperature Range in Part Q? Old=-xx°C ~ xxx°C New=-x°C to x°C
Change Value of Parameter Temperature Range in Part U? Old=-xx°C ~ xxx°C New=-x°C to x°C
Change Value of Parameter Temperature Range in Part U? Old=-xx°C ~ xxx°C New=-x°C to x°C
Change Value of Parameter Temperature Range in Part U? Old=-xx°C ~ xxx°C New=-x°C to x°C
Change Value of Parameter Temperature Range in Part U? Old=-xx°C ~ xxx°C New=-x°C to x°C
Change Value of Parameter Temperature Range in Part U? Old=-xx°C ~ xxx°C New=-x°C to x°C
Change Value of Parameter Temperature Range in Part U5 Old=-xx°C ~ xxx°C New=-x°C to x°C
Change Value of Parameter Temperature Range in Part Q? Old=-xx°C ~ xxx°C New=-x°C to x°C
Change Value of Parameter Temperature Range in Part M? Old=-xx°C ~ xxx°C New=-x°C to x°C
Change Value of Parameter Temperature Range in Part U? Old=-xx°C ~ xxx°C New=-x°C to x°C
Change Value of Parameter Temperature Range in Part U? Old=-xx°C ~ xxx°C New=-x°C to x°C
Change Value of Parameter Temperature Range in Part U? Old=-xx°C ~ xxx°C New=-x°C to x°C
Change Value of Parameter Temperature Range in Part Sim? Old=-xx°C ~ xxx°C New=-x°C to x°C
Change Value of Parameter Temperature Range in Part U? Old=-xx°C ~ xxx°C New=-x°C to x°C
Change Value of Parameter Temperature Range in Part U? Old=-xx°C ~ xxx°C New=-x°C to x°C
Change Value of Parameter Temperature Range in Part M? Old=-xx°C ~ xxx°C New=-x°C to x°C
Change Value of Parameter Temperature Range in Part U? Old=-xx°C ~ xxx°C New=-x°C to x°C
Change Value of Parameter Temperature Range in Part U? Old=-xx°C ~ xxx°C New=-x°C to x°C
Change Value of Parameter Temperature Range in Part U? Old=-xx°C ~ xxx°C New=-x°C to x°C
Change Value of Parameter Temperature Range in Part U? Old=-xx°C ~ xxx°C New=-x°C to x°C
Change Value of Parameter Temperature Range in Part U? Old=-xx°C ~ xxx°C New=-x°C to x°C
Change Value of Parameter Temperature Range in Part U? Old=-xx°C ~ xxx°C New=-x°C to x°C
Change Value of Parameter Temperature Range in Part U? Old=-xx°C ~ xxx°C New=-x°C to x°C
Change Value of Parameter Temperature Range in Part U? Old=-xx°C ~ xxx°C New=-x°C to x°C
Change Value of Parameter Temperature Range in Part U? Old=-xx°C ~ xxx°C New=-x°C to x°C
Change Value of Parameter Temperature Range in Part U? Old=-xx°C ~ xxx°C New=-x°C to x°C
Change Value of Parameter Temperature Range in Part U? Old=-xx°C ~ xxx°C New=-x°C to x°C
Change Value of Parameter Temperature Range in Part Q? Old=-xx°C ~ xxx°C New=-x°C to x°C
Change Value of Parameter Temperature Range in Part Q? Old=-xx°C ~ xxx°C New=-x°C to x°C
Change Value of Parameter Temperature Range in Part Q? Old=-xx°C ~ xxx°C New=-x°C to x°C
Change Value of Parameter Temperature Range in Part U? Old=-40°C ~ 150°C New=-40°C to 150°C
Change Value of Parameter Temperature Range in Part U? Old=-xx°C ~ xxx°C New=-x°C to x°C
Change Value of Parameter Temperature Range in Part U? Old=-xx°C ~ xxx°C New=-x°C to x°C
Change Value of Parameter Temperature Range in Part U? Old=-xx°C ~ xxx°C New=-x°C to x°C
Change Value of Parameter Temperature Range in Part U? Old=-xx°C ~ xxx°C New=-x°C to x°C
Change Value of Parameter Temperature Range in Part U? Old=-xx°C ~ xxx°C New=-x°C to x°C
Change Value of Parameter Temperature Range in Part U? Old=-xx°C ~ xxx°C New=-x°C to x°C
Change Value of Parameter Temperature Range in Part U? Old=-xx°C ~ xxx°C New=-x°C to x°C
Change Value of Parameter Temperature Range in Part U? Old=-xx°C ~ xxx°C New=-x°C to x°C
Change Value of Parameter Temperature Range in Part U? Old=-xx°C ~ xxx°C New=-x°C to x°C
Change Value of Parameter Temperature Range in Part SCR? Old=-xx°C ~ xxx°C New=-x°C to x°C
Change Value of Parameter Temperature Range in Part U? Old=-xx°C ~ xxx°C New=-x°C to x°C
Change Value of Parameter Temperature Range in Part U? Old=-xx°C ~ xxx°C New=-x°C to x°C
Change Value of Parameter Temperature Range in Part U? Old=-xx°C ~ xxx°C New=-x°C to x°C
Change Value of Parameter Temperature Range in Part U? Old=-xx°C ~ xxx°C New=-x°C to x°C
Change Value of Parameter Temperature Range in Part U? Old=-xx°C ~ xxx°C New=-x°C to x°C
Change Value of Parameter Temperature Range in Part U? Old=-xx°C ~ xxx°C New=-x°C to x°C
Change Value of Parameter Temperature Range in Part U? Old=-xx°C ~ xxx°C New=-x°C to x°C
Change Value of Parameter Temperature Range in Part U? Old=-xx°C ~ xxx°C New=-x°C to x°C
Change Value of Parameter Temperature Range in Part U? Old=-xx°C ~ xxx°C New=-x°C to x°C
Change Value of Parameter Temperature Range in Part Q? Old=-xx°C ~ xxx°C New=-x°C to x°C
Change Value of Parameter Temperature Range in Part U? Old=-xx°C ~ xxx°C New=-x°C to x°C
Change Value of Parameter PartNumber in Part D? Old=PartNmber New=PartNumber
Change Value of Parameter PartNumber in Part Q? Old=PartNmber New=PartNumber
Change Value of Parameter PartNumber in Part Q? Old=PartNmber New=PartNumber
Change Value of Parameter PartNumber in Part Q? Old=PartNmber New=PartNumber
Change Value of Parameter PartNumber in Part Q? Old=PartNmber New=PartNumber
Change Value of Parameter PartNumber in Part Q? Old=PartNmber New=PartNumber
Change Value of Parameter PartNumber in Part Q? Old=PartNmber New=PartNumber
Change Value of Parameter PartNumber in Part Q? Old=PartNmber New=PartNumber
Change Value of Parameter PartNumber in Part U? Old=PartNmber New=PartNumber
Change Value of Parameter PartNumber in Part U? Old=PartNmber New=PartNumber
Change Value of Parameter PartNumber in Part U? Old=PartNmber New=PartNumber
Change Value of Parameter PartNumber in Part U? Old=PartNmber New=PartNumber
Change Value of Parameter PartNumber in Part U? Old=PartNmber New=PartNumber
Change Value of Parameter PartNumber in Part U? Old=PartNmber New=PartNumber
Change Value of Parameter PartNumber in Part U? Old=PartNmber New=PartNumber
Change Value of Parameter PartNumber in Part U? Old=PartNmber New=PartNumber
Change Value of Parameter PartNumber in Part B? Old=PartNmber New=PartNumber
Change Value of Parameter PartNumber in Part U? Old=PartNmber New=PartNumber
Change Value of Parameter PartNumber in Part U? Old=PartNmber New=PartNumber
Change Value of Parameter PartNumber in Part U? Old=PartNmber New=PartNumber
Change Value of Parameter PartNumber in Part U? Old=PartNmber New=PartNumber
Change Value of Parameter PartNumber in Part U? Old=PartNmber New=PartNumber
Change Value of Parameter PartNumber in Part U? Old=PartNmber New=PartNumber
Change Value of Parameter PartNumber in Part U? Old=PartNmber New=PartNumber
Change Value of Parameter PartNumber in Part U? Old=PartNmber New=PartNumber
Change Value of Parameter PartNumber in Part U? Old=PartNmber New=PartNumber
Change Value of Parameter PartNumber in Part U? Old=PartNmber New=PartNumber
Change Value of Parameter PartNumber in Part U? Old=PartNmber New=PartNumber
Change Value of Parameter PartNumber in Part D? Old=PartNmber New=PartNumber
Change Value of Parameter PartNumber in Part D? Old=PartNmber New=PartNumber
Change Value of Parameter PartNumber in Part D? Old=PartNmber New=PartNumber
Change Value of Parameter PartNumber in Part D? Old=PartNmber New=PartNumber
Change Value of Parameter PartNumber in Part Q? Old=PartNmber New=PartNumber
Change Value of Parameter PartNumber in Part Q? Old=PartNmber New=PartNumber
Change Value of Parameter PartNumber in Part Tr? Old=PartNmber New=PartNumber
Change Value of Parameter PartNumber in Part Q? Old=PartNmber New=PartNumber
Change Value of Parameter PartNumber in Part Tr? Old=PartNmber New=PartNumber
Change Value of Parameter PartNumber in Part Q? Old=PartNmber New=PartNumber
Change Value of Parameter PartNumber in Part Tr? Old=PartNmber New=PartNumber
Change Value of Parameter PartNumber in Part Q? Old=PartNmber New=PartNumber
Change Value of Parameter PartNumber in Part Q? Old=PartNmber New=PartNumber
Change Value of Parameter PartNumber in Part Q? Old=PartNmber New=PartNumber
Change Value of Parameter PartNumber in Part U? Old=PartNmber New=PartNumber
Change Value of Parameter PartNumber in Part D? Old=PartNmber New=PartNumber
Change Value of Parameter PartNumber in Part D? Old=PartNmber New=PartNumber
Change Value of Parameter PartNumber in Part D? Old=PartNmber New=PartNumber
Change Value of Parameter PartNumber in Part Q? Old=PartNmber New=PartNumber
Change Value of Parameter PartNumber in Part U? Old=PartNmber New=PartNumber
Change Value of Parameter PartNumber in Part U? Old=PartNmber New=PartNumber
Change Value of Parameter PartNumber in Part DC To DC? Old=PartNmber New=PartNumber
Change Value of Parameter PartNumber in Part DC To DC? Old=PartNmber New=PartNumber
Change Value of Parameter PartNumber in Part DB? Old=PartNmber New=PartNumber
Change Value of Parameter PartNumber in Part D? Old=PartNmber New=PartNumber
Change Value of Parameter PartNumber in Part D? Old=PartNmber New=PartNumber
Change Value of Parameter PartNumber in Part D? Old=PartNmber New=PartNumber
Change Value of Parameter PartNumber in Part D? Old=PartNmber New=PartNumber
Change Value of Parameter PartNumber in Part Q? Old=PartNmber New=PartNumber
Change Value of Parameter PartNumber in Part U? Old=PartNmber New=PartNumber
Change Value of Parameter PartNumber in Part M? Old=PartNmber New=PartNumber
Change Value of Parameter PartNumber in Part U? Old=PartNmber New=PartNumber
Change Value of Parameter PartNumber in Part U? Old=PartNmber New=PartNumber
Change Value of Parameter PartNumber in Part U? Old=PartNmber New=PartNumber
Change Value of Parameter PartNumber in Part U? Old=PartNmber New=PartNumber
Change Value of Parameter PartNumber in Part Q? Old=PartNmber New=PartNumber
Change Value of Parameter PartNumber in Part Q? Old=PartNmber New=PartNumber
Change Value of Parameter PartNumber in Part Q? Old=PartNmber New=PartNumber
Change Value of Parameter PartNumber in Part U? Old=PartNmber New=PartNumber
Change Value of Parameter PartNumber in Part U? Old=PartNmber New=PartNumber
Change Value of Parameter PartNumber in Part U? Old=PartNmber New=PartNumber
Change Value of Parameter PartNumber in Part U? Old=PartNmber New=PartNumber
Change Value of Parameter PartNumber in Part U? Old=PartNmber New=PartNumber
Change Value of Parameter PartNumber in Part U? Old=PartNmber New=PartNumber
Change Value of Parameter PartNumber in Part U? Old=PartNmber New=PartNumber
Change Value of Parameter PartNumber in Part U? Old=PartNmber New=PartNumber
Change Value of Parameter PartNumber in Part Q? Old=PartNmber New=PartNumber
Change Value of Parameter PartNumber in Part Q? Old=PartNmber New=PartNumber
Change Value of Parameter PartNumber in Part Q? Old=PartNmber New=PartNumber
Change Value of Parameter PartNumber in Part Q? Old=PartNmber New=PartNumber
Change Value of Parameter PartNumber in Part D? Old=PartNmber New=PartNumber
Change Value of Parameter PartNumber in Part D? Old=PartNmber New=PartNumber
Change Value of Parameter PartNumber in Part U? Old=PartNmber New=PartNumber
Change Value of Parameter PartNumber in Part U? Old=PartNmber New=PartNumber
Change Value of Parameter PartNumber in Part U? Old=PartNmber New=PartNumber
Change Value of Parameter PartNumber in Part U? Old=PartNmber New=PartNumber
Change Value of Parameter PartNumber in Part U? Old=PartNmber New=PartNumber
Change Value of Parameter PartNumber in Part U? Old=PartNmber New=PartNumber
Change Value of Parameter PartNumber in Part U? Old=PartNmber New=PartNumber
Change Value of Parameter PartNumber in Part U? Old=PartNmber New=PartNumber
Change Value of Parameter PartNumber in Part U? Old=PartNmber New=PartNumber
Change Value of Parameter PartNumber in Part U5 Old=PartNmber New=PartNumber
Change Value of Parameter PartNumber in Part U? Old=PartNmber New=PartNumber
Change Value of Parameter PartNumber in Part U? Old=PartNmber New=PartNumber
Change Value of Parameter PartNumber in Part U? Old=PartNmber New=PartNumber
Change Value of Parameter PartNumber in Part U? Old=PartNmber New=PartNumber
Change Value of Parameter PartNumber in Part U? Old=PartNmber New=PartNumber
Change Value of Parameter PartNumber in Part U? Old=PartNmber New=PartNumber
Change Value of Parameter PartNumber in Part U? Old=PartNmber New=PartNumber
Change Value of Parameter PartNumber in Part U5 Old=PartNmber New=PartNumber
Change Value of Parameter PartNumber in Part U? Old=PartNmber New=PartNumber
Change Value of Parameter PartNumber in Part U? Old=PartNmber New=PartNumber
Change Value of Parameter PartNumber in Part U? Old=PartNmber New=PartNumber
Change Value of Parameter PartNumber in Part U? Old=PartNmber New=PartNumber
Change Value of Parameter PartNumber in Part U? Old=PartNmber New=PartNumber
Change Value of Parameter PartNumber in Part U? Old=PartNmber New=PartNumber
Change Value of Parameter PartNumber in Part U? Old=PartNmber New=PartNumber
Change Value of Parameter PartNumber in Part D? Old=PartNmber New=PartNumber
Change Value of Parameter PartNumber in Part U? Old=PartNmber New=PartNumber
Change Value of Parameter PartNumber in Part U? Old=PartNmber New=PartNumber
Change Value of Parameter PartNumber in Part U? Old=PartNmber New=PartNumber
Change Value of Parameter PartNumber in Part U? Old=PartNmber New=PartNumber
Change Value of Parameter PartNumber in Part U? Old=PartNmber New=PartNumber
Change Value of Parameter PartNumber in Part U? Old=PartNmber New=PartNumber
Change Value of Parameter PartNumber in Part U? Old=PartNmber New=PartNumber
Change Value of Parameter PartNumber in Part U? Old=PartNmber New=PartNumber
Change Value of Parameter PartNumber in Part Q? Old=PartNmber New=PartNumber
Change Value of Parameter PartNumber in Part D? Old=PartNmber New=PartNumber
Change Value of Parameter PartNumber in Part U? Old=PartNmber New=PartNumber
Change Value of Parameter PartNumber in Part Q? Old=PartNmber New=PartNumber
Change Value of Parameter PartNumber in Part Q? Old=PartNmber New=PartNumber
Change Value of Parameter PartNumber in Part U? Old=PartNmber New=PartNumber
Change Value of Parameter PartNumber in Part U? Old=PartNmber New=PartNumber
Change Value of Parameter PartNumber in Part U? Old=PartNmber New=PartNumber
Change Value of Parameter PartNumber in Part U? Old=PartNmber New=PartNumber
Change Value of Parameter PartNumber in Part U? Old=PartNmber New=PartNumber
Change Value of Parameter PartNumber in Part U? Old=PartNmber New=PartNumber
Change Value of Parameter PartNumber in Part RF? Old=PartNmber New=PartNumber
Change Value of Parameter PartNumber in Part U? Old=PartNmber New=PartNumber
Change Value of Parameter PartNumber in Part U? Old=PartNmber New=PartNumber
Change Value of Parameter PartNumber in Part U? Old=PartNmber New=PartNumber
Change Value of Parameter PartNumber in Part U? Old=PartNmber New=PartNumber
Change Value of Parameter PartNumber in Part U? Old=PartNmber New=PartNumber
Change Value of Parameter PartNumber in Part Q? Old=PartNmber New=PartNumber
Change Value of Parameter PartNumber in Part =Value Old=PartNmber New=PartNumber
Change Value of Parameter PartNumber in Part =Value Old=PartNmber New=PartNumber
Change Value of Parameter PartNumber in Part Q? Old=PartNmber New=PartNumber
Change Value of Parameter PartNumber in Part U? Old=PartNmber New=PartNumber
Change Value of Parameter PartNumber in Part U? Old=PartNmber New=PartNumber
Change Value of Parameter PartNumber in Part U? Old=PartNmber New=PartNumber
Change Value of Parameter PartNumber in Part U? Old=PartNmber New=PartNumber
Change Value of Parameter PartNumber in Part U? Old=PartNmber New=PartNumber
Change Value of Parameter PartNumber in Part U5 Old=PartNmber New=PartNumber
Change Value of Parameter PartNumber in Part Q? Old=PartNmber New=PartNumber
Change Value of Parameter PartNumber in Part M? Old=PartNmber New=PartNumber
Change Value of Parameter PartNumber in Part U? Old=PartNmber New=PartNumber
Change Value of Parameter PartNumber in Part U? Old=PartNmber New=PartNumber
Change Value of Parameter PartNumber in Part U? Old=PartNmber New=PartNumber
Change Value of Parameter PartNumber in Part Sim? Old=PartNmber New=PartNumber
Change Value of Parameter PartNumber in Part U? Old=PartNmber New=PartNumber
Change Value of Parameter PartNumber in Part M? Old=PartNmber New=PartNumber
Change Value of Parameter PartNumber in Part U? Old=PartNmber New=PartNumber
Change Value of Parameter PartNumber in Part U? Old=PartNmber New=PartNumber
Change Value of Parameter PartNumber in Part U? Old=PartNmber New=PartNumber
Change Value of Parameter PartNumber in Part U? Old=PartNmber New=PartNumber
Change Value of Parameter PartNumber in Part U? Old=PartNmber New=PartNumber
Change Value of Parameter PartNumber in Part U? Old=PartNmber New=PartNumber
Change Value of Parameter PartNumber in Part U? Old=PartNmber New=PartNumber
Change Value of Parameter PartNumber in Part U? Old=PartNmber New=PartNumber
Change Value of Parameter PartNumber in Part U? Old=PartNmber New=PartNumber
Change Value of Parameter PartNumber in Part U? Old=PartNmber New=PartNumber
Change Value of Parameter PartNumber in Part U? Old=PartNmber New=PartNumber
Change Value of Parameter PartNumber in Part Q? Old=PartNmber New=PartNumber
Change Value of Parameter PartNumber in Part Q? Old=PartNmber New=PartNumber
Change Value of Parameter PartNumber in Part Q? Old=PartNmber New=PartNumber
Change Value of Parameter PartNumber in Part U? Old=PartNmber New=PartNumber
Change Value of Parameter PartNumber in Part U? Old=PartNmber New=PartNumber
Change Value of Parameter PartNumber in Part U? Old=PartNmber New=PartNumber
Change Value of Parameter PartNumber in Part U? Old=PartNmber New=PartNumber
Change Value of Parameter PartNumber in Part U? Old=PartNmber New=PartNumber
Change Value of Parameter PartNumber in Part U? Old=PartNmber New=PartNumber
Change Value of Parameter PartNumber in Part U? Old=PartNmber New=PartNumber
Change Value of Parameter PartNumber in Part U? Old=PartNmber New=PartNumber
Change Value of Parameter PartNumber in Part U? Old=PartNmber New=PartNumber
Change Value of Parameter PartNumber in Part U? Old=PartNmber New=PartNumber
Change Value of Parameter PartNumber in Part SCR? Old=PartNmber New=PartNumber
Change Value of Parameter PartNumber in Part U? Old=PartNmber New=PartNumber
Change Value of Parameter PartNumber in Part U? Old=PartNmber New=PartNumber
Change Value of Parameter PartNumber in Part U? Old=PartNmber New=PartNumber
Change Value of Parameter PartNumber in Part U? Old=PartNmber New=PartNumber
Change Value of Parameter PartNumber in Part U? Old=PartNmber New=PartNumber
Change Value of Parameter PartNumber in Part U? Old=PartNmber New=PartNumber
Change Value of Parameter PartNumber in Part U? Old=PartNmber New=PartNumber
Change Value of Parameter PartNumber in Part U? Old=PartNmber New=PartNumber
Change Value of Parameter PartNumber in Part U? Old=PartNmber New=PartNumber
Change Value of Parameter PartNumber in Part Q? Old=PartNmber New=PartNumber
Change Value of Parameter PartNumber in Part U? Old=PartNmber New=PartNumber
Added Parameter PartNumber=FM33LG048 to Part U?
