Change Component Parameter Comment in D? Old= New==PartNumber
Change Component Parameter Comment in Q? Old= New==PartNumber
Change Component Parameter Comment in Q? Old= New==PartNumber
Change Component Parameter Comment in Q? Old= New==PartNumber
Change Component Parameter Comment in Q? Old= New==PartNumber
Change Component Parameter Comment in Q? Old= New==PartNumber
Change Component Parameter Comment in Q? Old= New==PartNumber
Change Component Parameter Comment in Q? Old= New==PartNumber
Change Component Parameter Comment in U? Old= New==PartNumber
Change Component Parameter Comment in U? Old= New==PartNumber
Change Component Parameter Comment in U? Old= New==PartNumber
Change Component Parameter Comment in U? Old= New==PartNumber
Change Component Parameter Comment in U? Old= New==PartNumber
Change Component Parameter Comment in U? Old= New==PartNumber
Change Component Parameter Comment in U? Old= New==PartNumber
Change Component Parameter Comment in U? Old= New==PartNumber
Change Component Parameter Comment in U? Old= New==PartNumber
Change Component Parameter Comment in B? Old= New==PartNumber
Change Component Parameter Comment in U? Old= New==PartNumber
Change Component Parameter Comment in U? Old= New==PartNumber
Change Component Parameter Comment in U? Old= New==PartNumber
Change Component Parameter Comment in U? Old= New==PartNumber
Change Component Parameter Comment in U? Old= New==PartNumber
Change Component Parameter Comment in U? Old= New==PartNumber
Change Component Parameter Comment in U? Old= New==PartNumber
Change Component Parameter Comment in U? Old= New==PartNumber
Change Component Parameter Comment in U? Old= New==PartNumber
Change Component Parameter Comment in U? Old= New==PartNumber
Change Component Parameter Comment in U? Old= New==PartNumber
Change Component Parameter Comment in D? Old= New==PartNumber
Change Component Parameter Comment in D? Old= New==PartNumber
Change Component Parameter Comment in D? Old= New==PartNumber
Change Component Parameter Comment in D? Old= New==PartNumber
Change Component Parameter Comment in Q? Old= New==PartNumber
Change Component Parameter Comment in Q? Old= New==PartNumber
Change Component Parameter Comment in Tr? Old= New==PartNumber
Change Component Parameter Comment in Q? Old= New==PartNumber
Change Component Parameter Comment in Tr? Old= New==PartNumber
Change Component Parameter Comment in Tr? Old= New==PartNumber
Change Component Parameter Comment in Tr? Old= New==PartNumber
Change Component Parameter Comment in Q? Old= New==PartNumber
Change Component Parameter Comment in Q? Old= New==PartNumber
Change Component Parameter Comment in Q? Old= New==PartNumber
Change Component Parameter Comment in U? Old= New==PartNumber
Change Component Parameter Comment in D? Old= New==PartNumber
Change Component Parameter Comment in D? Old= New==PartNumber
Change Component Parameter Comment in D? Old= New==PartNumber
Change Component Parameter Comment in Q? Old= New==PartNumber
Change Component Parameter Comment in U? Old= New==PartNumber
Change Component Parameter Comment in U? Old= New==PartNumber
Change Component Parameter Comment in DC To DC? Old= New==PartNumber
Change Component Parameter Comment in DC To DC? Old= New==PartNumber
Change Component Parameter Comment in D? Old= New==PartNumber
Change Component Parameter Comment in DB? Old= New==PartNumber
Change Component Parameter Comment in D? Old= New==PartNumber
Change Component Parameter Comment in D? Old= New==PartNumber
Change Component Parameter Comment in D? Old= New==PartNumber
Change Component Parameter Comment in Q? Old= New==PartNumber
Change Component Parameter Comment in U? Old= New==PartNumber
Change Component Parameter Comment in U? Old= New==PartNumber
Change Component Parameter Comment in M? Old= New==PartNumber
Change Component Parameter Comment in U? Old= New==PartNumber
Change Component Parameter Comment in U? Old= New==PartNumber
Change Component Parameter Comment in U? Old= New==PartNumber
Change Component Parameter Comment in U? Old= New==PartNumber
Change Component Parameter Comment in Q? Old= New==PartNumber
Change Component Parameter Comment in Q? Old= New==PartNumber
Change Component Parameter Comment in Q? Old= New==PartNumber
Change Component Parameter Comment in U? Old= New==PartNumber
Change Component Parameter Comment in U? Old= New==PartNumber
Change Component Parameter Comment in U? Old= New==PartNumber
Change Component Parameter Comment in U? Old= New==PartNumber
Change Component Parameter Comment in U? Old= New==PartNumber
Change Component Parameter Comment in U? Old= New==PartNumber
Change Component Parameter Comment in U? Old= New==PartNumber
Change Component Parameter Comment in U? Old= New==PartNumber
Change Component Parameter Comment in Q? Old= New==PartNumber
Change Component Parameter Comment in Q? Old= New==PartNumber
Change Component Parameter Comment in U? Old= New==PartNumber
Change Component Parameter Comment in Q? Old= New==PartNumber
Change Component Parameter Comment in Q? Old= New==PartNumber
Change Component Parameter Comment in D? Old= New==PartNumber
Change Component Parameter Comment in D? Old= New==PartNumber
Change Component Parameter Comment in U? Old= New==PartNumber
Change Component Parameter Comment in U? Old= New==PartNumber
Change Component Parameter Comment in U? Old= New==PartNumber
Change Component Parameter Comment in U? Old= New==PartNumber
Change Component Parameter Comment in U? Old= New==PartNumber
Change Component Parameter Comment in U? Old= New==PartNumber
Change Component Parameter Comment in U? Old= New==PartNumber
Change Component Parameter Comment in U? Old= New==PartNumber
Change Component Parameter Comment in U? Old= New==PartNumber
Change Component Parameter Comment in U5 Old= New==PartNumber
Change Component Parameter Comment in U? Old= New==PartNumber
Change Component Parameter Comment in U? Old= New==PartNumber
Change Component Parameter Comment in U? Old= New==PartNumber
Change Component Parameter Comment in U? Old= New==PartNumber
Change Component Parameter Comment in U? Old= New==PartNumber
Change Component Parameter Comment in U? Old= New==PartNumber
Change Component Parameter Comment in U? Old= New==PartNumber
Change Component Parameter Comment in U5 Old= New==PartNumber
Change Component Parameter Comment in U? Old= New==PartNumber
Change Component Parameter Comment in U? Old= New==PartNumber
Change Component Parameter Comment in U? Old= New==PartNumber
Change Component Parameter Comment in U? Old= New==PartNumber
Change Component Parameter Comment in U? Old= New==PartNumber
Change Component Parameter Comment in U? Old= New==PartNumber
Change Component Parameter Comment in U? Old= New==PartNumber
Change Component Parameter Comment in U? Old= New==PartNumber
Change Component Parameter Comment in D? Old= New==PartNumber
Change Component Parameter Comment in U? Old= New==PartNumber
Change Component Parameter Comment in U? Old= New==PartNumber
Change Component Parameter Comment in U? Old= New==PartNumber
Change Component Parameter Comment in U? Old= New==PartNumber
Change Component Parameter Comment in U? Old= New==PartNumber
Change Component Parameter Comment in U? Old= New==PartNumber
Change Component Parameter Comment in U? Old= New==PartNumber
Change Component Parameter Comment in U? Old= New==PartNumber
Change Component Parameter Comment in Q? Old= New==PartNumber
Change Component Parameter Comment in D? Old= New==PartNumber
Change Component Parameter Comment in U? Old= New==PartNumber
Change Component Parameter Comment in Q? Old= New==PartNumber
Change Component Parameter Comment in Q? Old= New==PartNumber
Change Component Parameter Comment in U? Old= New==PartNumber
Change Component Parameter Comment in U? Old= New==PartNumber
Change Component Parameter Comment in U? Old= New==PartNumber
Change Component Parameter Comment in U? Old= New==PartNumber
Change Component Parameter Comment in U? Old= New==PartNumber
Change Component Parameter Comment in RF? Old= New==PartNumber
Change Component Parameter Comment in U? Old= New==PartNumber
Change Component Parameter Comment in U? Old= New==PartNumber
Change Component Parameter Comment in U? Old= New==PartNumber
Change Component Parameter Comment in U? Old= New==PartNumber
Change Component Parameter Comment in U? Old= New==PartNumber
Change Component Parameter Comment in Q? Old= New==PartNumber
Change Component Parameter Comment in =Value Old= New==PartNumber
Change Component Parameter Comment in =Value Old= New==PartNumber
Change Component Parameter Comment in Q? Old= New==PartNumber
Change Component Parameter Comment in U? Old= New==PartNumber
Change Component Parameter Comment in U? Old= New==PartNumber
Change Component Parameter Comment in U? Old= New==PartNumber
Change Component Parameter Comment in U? Old= New==PartNumber
Change Component Parameter Comment in U? Old= New==PartNumber
Change Component Parameter Comment in U5 Old= New==PartNumber
Change Component Parameter Comment in Q? Old= New==PartNumber
Change Component Parameter Comment in M? Old= New==PartNumber
Change Component Parameter Comment in U? Old= New==PartNumber
Change Component Parameter Comment in U? Old= New==PartNumber
Change Component Parameter Comment in U? Old= New==PartNumber
Change Component Parameter Comment in Sim? Old= New==PartNumber
Change Component Parameter Comment in U? Old= New==PartNumber
Change Component Parameter Comment in U? Old= New==PartNumber
Change Component Parameter Comment in M? Old= New==PartNumber
Change Component Parameter Comment in U? Old= New==PartNumber
Change Component Parameter Comment in U? Old= New==PartNumber
Change Component Parameter Comment in U? Old= New==PartNumber
Change Component Parameter Comment in U? Old= New==PartNumber
Change Component Parameter Comment in U? Old= New==PartNumber
Change Component Parameter Comment in U? Old= New==PartNumber
Change Component Parameter Comment in U? Old= New==PartNumber
Change Component Parameter Comment in U? Old= New==PartNumber
Change Component Parameter Comment in U? Old= New==PartNumber
Change Component Parameter Comment in U? Old= New==PartNumber
Change Component Parameter Comment in U? Old= New==PartNumber
Change Component Parameter Comment in Q? Old= New==PartNumber
Change Component Parameter Comment in Q? Old= New==PartNumber
Change Component Parameter Comment in Q? Old= New==PartNumber
Change Component Parameter Comment in U? Old= New==PartNumber
Change Component Parameter Comment in U? Old= New==PartNumber
Change Component Parameter Comment in U? Old= New==PartNumber
Change Component Parameter Comment in U? Old= New==PartNumber
Change Component Parameter Comment in U? Old= New==PartNumber
Change Component Parameter Comment in U? Old= New==PartNumber
Change Component Parameter Comment in U? Old= New==PartNumber
Change Component Parameter Comment in U? Old= New==PartNumber
Change Component Parameter Comment in U? Old= New==PartNumber
Change Component Parameter Comment in U? Old= New==PartNumber
Change Component Parameter Comment in U? Old= New==PartNumber
Change Component Parameter Comment in SCR? Old= New==PartNumber
Change Component Parameter Comment in U? Old= New==PartNumber
Change Component Parameter Comment in U? Old= New==PartNumber
Change Component Parameter Comment in U? Old= New==PartNumber
Change Component Parameter Comment in U? Old= New==PartNumber
Change Component Parameter Comment in U? Old= New==PartNumber
Change Component Parameter Comment in U? Old= New==PartNumber
Change Component Parameter Comment in U? Old= New==PartNumber
Change Component Parameter Comment in U? Old= New==PartNumber
Change Component Parameter Comment in U? Old= New==PartNumber
Change Component Parameter Comment in Q? Old= New==PartNumber
Change Component Parameter Comment in U? Old= New==PartNumber
Change Value of Parameter PartNmber in Part D? Old=Value New=PartNmber
Change Value of Parameter PartNmber in Part Q? Old=Value New=PartNmber
Change Value of Parameter PartNmber in Part Q? Old=Value New=PartNmber
Change Value of Parameter PartNmber in Part Q? Old=Value New=PartNmber
Change Value of Parameter PartNmber in Part Q? Old=Value New=PartNmber
Change Value of Parameter PartNmber in Part Q? Old=Value New=PartNmber
Change Value of Parameter PartNmber in Part Q? Old=Value New=PartNmber
Change Value of Parameter PartNmber in Part Q? Old=Value New=PartNmber
Change Value of Parameter PartNmber in Part U? Old=value New=PartNmber
Change Value of Parameter PartNmber in Part U? Old=Value New=PartNmber
Change Value of Parameter PartNmber in Part U? Old=Value New=PartNmber
Change Value of Parameter PartNmber in Part U? Old=VALUE New=PartNmber
Change Value of Parameter PartNmber in Part U? Old=Value New=PartNmber
Change Value of Parameter PartNmber in Part U? Old=Value New=PartNmber
Change Value of Parameter PartNmber in Part U? Old=Value New=PartNmber
Change Value of Parameter PartNmber in Part U? Old=Value New=PartNmber
Change Value of Parameter PartNmber in Part U? Old=VALUE New=PartNmber
Change Value of Parameter PartNmber in Part B? Old=Value New=PartNmber
Change Value of Parameter PartNmber in Part U? Old=Value New=PartNmber
Change Value of Parameter PartNmber in Part U? Old=Value New=PartNmber
Change Value of Parameter PartNmber in Part U? Old=Value New=PartNmber
Change Value of Parameter PartNmber in Part U? Old=Value New=PartNmber
Change Value of Parameter PartNmber in Part U? Old=Value New=PartNmber
Change Value of Parameter PartNmber in Part U? Old=Value New=PartNmber
Change Value of Parameter PartNmber in Part U? Old=Value New=PartNmber
Change Value of Parameter PartNmber in Part U? Old=Value New=PartNmber
Change Value of Parameter PartNmber in Part U? Old=Value New=PartNmber
Change Value of Parameter PartNmber in Part U? Old=Value New=PartNmber
Change Value of Parameter PartNmber in Part U? Old=Value New=PartNmber
Change Value of Parameter PartNmber in Part D? Old=Value New=PartNmber
Change Value of Parameter PartNmber in Part D? Old=Value New=PartNmber
Change Value of Parameter PartNmber in Part D? Old=Value New=PartNmber
Change Value of Parameter PartNmber in Part D? Old=Value New=PartNmber
Change Value of Parameter PartNmber in Part Q? Old=Value New=PartNmber
Change Value of Parameter PartNmber in Part Q? Old=Value New=PartNmber
Change Value of Parameter PartNmber in Part Tr? Old=Value New=PartNmber
Change Value of Parameter PartNmber in Part Q? Old=Value New=PartNmber
Change Value of Parameter PartNmber in Part Tr? Old=Value New=PartNmber
Change Value of Parameter PartNmber in Part Tr? Old=Value New=PartNmber
Change Value of Parameter PartNmber in Part Tr? Old=Value New=PartNmber
Change Value of Parameter PartNmber in Part Q? Old=Value New=PartNmber
Change Value of Parameter PartNmber in Part Q? Old=Value New=PartNmber
Change Value of Parameter PartNmber in Part Q? Old=VALUE New=PartNmber
Change Value of Parameter PartNmber in Part U? Old=Value New=PartNmber
Change Value of Parameter PartNmber in Part D? Old=Value New=PartNmber
Change Value of Parameter PartNmber in Part D? Old=Value New=PartNmber
Change Value of Parameter PartNmber in Part D? Old=VALUE New=PartNmber
Change Value of Parameter PartNmber in Part Q? Old=Value New=PartNmber
Change Value of Parameter PartNmber in Part U? Old=Value New=PartNmber
Change Value of Parameter PartNmber in Part U? Old=value New=PartNmber
Change Value of Parameter PartNmber in Part DC To DC? Old=Value New=PartNmber
Change Value of Parameter PartNmber in Part DC To DC? Old=VALUE New=PartNmber
Change Value of Parameter PartNmber in Part DB? Old=Value New=PartNmber
Change Value of Parameter PartNmber in Part D? Old=Value New=PartNmber
Change Value of Parameter PartNmber in Part D? Old=Value New=PartNmber
Change Value of Parameter PartNmber in Part D? Old=Value New=PartNmber
Change Value of Parameter PartNmber in Part D? Old=VALUE New=PartNmber
Change Value of Parameter PartNmber in Part Q? Old=Value New=PartNmber
Change Value of Parameter PartNmber in Part U? Old=Value New=PartNmber
Change Value of Parameter PartNmber in Part M? Old=Value New=PartNmber
Change Value of Parameter PartNmber in Part U? Old=Value New=PartNmber
Change Value of Parameter PartNmber in Part U? Old=Value New=PartNmber
Change Value of Parameter PartNmber in Part U? Old=Value New=PartNmber
Change Value of Parameter PartNmber in Part U? Old=Value New=PartNmber
Change Value of Parameter PartNmber in Part Q? Old=Value New=PartNmber
Change Value of Parameter PartNmber in Part Q? Old=Value New=PartNmber
Change Value of Parameter PartNmber in Part Q? Old=Value New=PartNmber
Change Value of Parameter PartNmber in Part U? Old=Value New=PartNmber
Change Value of Parameter PartNmber in Part U? Old=Value New=PartNmber
Change Value of Parameter PartNmber in Part U? Old=Value New=PartNmber
Change Value of Parameter PartNmber in Part U? Old=Value New=PartNmber
Change Value of Parameter PartNmber in Part U? Old=Value New=PartNmber
Change Value of Parameter PartNmber in Part U? Old=VALUE New=PartNmber
Change Value of Parameter PartNmber in Part U? Old=VALUE New=PartNmber
Change Value of Parameter PartNmber in Part U? Old=Value New=PartNmber
Change Value of Parameter PartNmber in Part Q? Old=VALUE New=PartNmber
Change Value of Parameter PartNmber in Part Q? Old=VALUE New=PartNmber
Change Value of Parameter PartNmber in Part Q? Old=VALUE New=PartNmber
Change Value of Parameter PartNmber in Part Q? Old=VALUE New=PartNmber
Change Value of Parameter PartNmber in Part D? Old=VALUE New=PartNmber
Change Value of Parameter PartNmber in Part D? Old=VALUE New=PartNmber
Change Value of Parameter PartNmber in Part U? Old=Value New=PartNmber
Change Value of Parameter PartNmber in Part U? Old=Value New=PartNmber
Change Value of Parameter PartNmber in Part U? Old=Value New=PartNmber
Change Value of Parameter PartNmber in Part U? Old=value New=PartNmber
Change Value of Parameter PartNmber in Part U? Old=Value New=PartNmber
Change Value of Parameter PartNmber in Part U? Old=Value New=PartNmber
Change Value of Parameter PartNmber in Part U? Old=Value New=PartNmber
Change Value of Parameter PartNmber in Part U? Old=Value New=PartNmber
Change Value of Parameter PartNmber in Part U? Old=Value New=PartNmber
Change Value of Parameter PartNmber in Part U5 Old=Value New=PartNmber
Change Value of Parameter PartNmber in Part U? Old=Value New=PartNmber
Change Value of Parameter PartNmber in Part U? Old=Value New=PartNmber
Change Value of Parameter PartNmber in Part U? Old=VALUE New=PartNmber
Change Value of Parameter PartNmber in Part U? Old=Value New=PartNmber
Change Value of Parameter PartNmber in Part U? Old=Value New=PartNmber
Change Value of Parameter PartNmber in Part U? Old=Value New=PartNmber
Change Value of Parameter PartNmber in Part U? Old=Value New=PartNmber
Change Value of Parameter PartNmber in Part U5 Old=Value New=PartNmber
Change Value of Parameter PartNmber in Part U? Old=Value New=PartNmber
Change Value of Parameter PartNmber in Part U? Old=Value New=PartNmber
Change Value of Parameter PartNmber in Part U? Old=Value New=PartNmber
Change Value of Parameter PartNmber in Part U? Old=Value New=PartNmber
Change Value of Parameter PartNmber in Part U? Old=Value New=PartNmber
Change Value of Parameter PartNmber in Part U? Old=Value New=PartNmber
Change Value of Parameter PartNmber in Part U? Old=value New=PartNmber
Change Value of Parameter PartNmber in Part D? Old=VALUE New=PartNmber
Change Value of Parameter PartNmber in Part U? Old=Value New=PartNmber
Change Value of Parameter PartNmber in Part U? Old=Value New=PartNmber
Change Value of Parameter PartNmber in Part U? Old=Value New=PartNmber
Change Value of Parameter PartNmber in Part U? Old=Value New=PartNmber
Change Value of Parameter PartNmber in Part U? Old=Value New=PartNmber
Change Value of Parameter PartNmber in Part U? Old=Value New=PartNmber
Change Value of Parameter PartNmber in Part U? Old=VALUE New=PartNmber
Change Value of Parameter PartNmber in Part U? Old=Value New=PartNmber
Change Value of Parameter PartNmber in Part Q? Old=Value New=PartNmber
Change Value of Parameter PartNmber in Part D? Old=Value New=PartNmber
Change Value of Parameter PartNmber in Part U? Old=Value New=PartNmber
Change Value of Parameter PartNmber in Part Q? Old=VALUE New=PartNmber
Change Value of Parameter PartNmber in Part Q? Old=Value New=PartNmber
Change Value of Parameter PartNmber in Part U? Old=Value New=PartNmber
Change Value of Parameter PartNmber in Part U? Old=Value New=PartNmber
Change Value of Parameter PartNmber in Part U? Old=Value New=PartNmber
Change Value of Parameter PartNmber in Part U? Old=Value New=PartNmber
Change Value of Parameter PartNmber in Part U? Old=Value New=PartNmber
Change Value of Parameter PartNmber in Part RF? Old=Value New=PartNmber
Change Value of Parameter PartNmber in Part U? Old=value New=PartNmber
Change Value of Parameter PartNmber in Part U? Old=VALUE New=PartNmber
Change Value of Parameter PartNmber in Part U? Old=VALUE New=PartNmber
Change Value of Parameter PartNmber in Part U? Old=VALUE New=PartNmber
Change Value of Parameter PartNmber in Part U? Old=VALUE New=PartNmber
Change Value of Parameter PartNmber in Part Q? Old=Value New=PartNmber
Change Value of Parameter PartNmber in Part =Value Old=Value New=PartNmber
Change Value of Parameter PartNmber in Part =Value Old=Value New=PartNmber
Change Value of Parameter PartNmber in Part Q? Old=Value New=PartNmber
Change Value of Parameter PartNmber in Part U? Old=Value New=PartNmber
Change Value of Parameter PartNmber in Part U? Old=VALUE New=PartNmber
Change Value of Parameter PartNmber in Part U? Old=VALUE New=PartNmber
Change Value of Parameter PartNmber in Part U? Old=Value New=PartNmber
Change Value of Parameter PartNmber in Part U? Old=Value New=PartNmber
Change Value of Parameter PartNmber in Part U5 Old=Value New=PartNmber
Change Value of Parameter PartNmber in Part Q? Old=VALUE New=PartNmber
Change Value of Parameter PartNmber in Part M? Old=VALUE New=PartNmber
Change Value of Parameter PartNmber in Part U? Old=Value New=PartNmber
Change Value of Parameter PartNmber in Part U? Old=Value New=PartNmber
Change Value of Parameter PartNmber in Part U? Old=Value New=PartNmber
Change Value of Parameter PartNmber in Part Sim? Old=Value New=PartNmber
Change Value of Parameter PartNmber in Part U? Old=Value New=PartNmber
Change Value of Parameter PartNmber in Part M? Old=Value New=PartNmber
Change Value of Parameter PartNmber in Part U? Old=value New=PartNmber
Change Value of Parameter PartNmber in Part U? Old=VALUE New=PartNmber
Change Value of Parameter PartNmber in Part U? Old=Value New=PartNmber
Change Value of Parameter PartNmber in Part U? Old=Value New=PartNmber
Change Value of Parameter PartNmber in Part U? Old=Value New=PartNmber
Change Value of Parameter PartNmber in Part U? Old=Value New=PartNmber
Change Value of Parameter PartNmber in Part U? Old=Value New=PartNmber
Change Value of Parameter PartNmber in Part U? Old=Value New=PartNmber
Change Value of Parameter PartNmber in Part U? Old=Value New=PartNmber
Change Value of Parameter PartNmber in Part U? Old=Value New=PartNmber
Change Value of Parameter PartNmber in Part U? Old=Value New=PartNmber
Change Value of Parameter PartNmber in Part Q? Old=Value New=PartNmber
Change Value of Parameter PartNmber in Part Q? Old=Value New=PartNmber
Change Value of Parameter PartNmber in Part Q? Old=Value New=PartNmber
Change Value of Parameter PartNmber in Part U? Old=Value New=PartNmber
Change Value of Parameter PartNmber in Part U? Old=Value New=PartNmber
Change Value of Parameter PartNmber in Part U? Old=Value New=PartNmber
Change Value of Parameter PartNmber in Part U? Old=Value New=PartNmber
Change Value of Parameter PartNmber in Part U? Old=VALUE New=PartNmber
Change Value of Parameter PartNmber in Part U? Old=VALUE New=PartNmber
Change Value of Parameter PartNmber in Part U? Old=Value New=PartNmber
Change Value of Parameter PartNmber in Part U? Old=Value New=PartNmber
Change Value of Parameter PartNmber in Part U? Old=Value New=PartNmber
Change Value of Parameter PartNmber in Part U? Old=Value New=PartNmber
Change Value of Parameter PartNmber in Part SCR? Old=VALUE New=PartNmber
Change Value of Parameter PartNmber in Part U? Old=value New=PartNmber
Change Value of Parameter PartNmber in Part U? Old=Value New=PartNmber
Change Value of Parameter PartNmber in Part U? Old=Value New=PartNmber
Change Value of Parameter PartNmber in Part U? Old=Value New=PartNmber
Change Value of Parameter PartNmber in Part U? Old=Value New=PartNmber
Change Value of Parameter PartNmber in Part U? Old=Value New=PartNmber
Change Value of Parameter PartNmber in Part U? Old=Value New=PartNmber
Change Value of Parameter PartNmber in Part U? Old=value New=PartNmber
Change Value of Parameter PartNmber in Part U? Old=Value New=PartNmber
Change Value of Parameter PartNmber in Part Q? Old=VALUE New=PartNmber
Change Value of Parameter PartNmber in Part U? Old=Value New=PartNmber
