Removed Parameter =Value:LM 4040_x.x V from Part U?
Removed Parameter Arrow Part Number:MAX14850AEE+T from Part U?
Removed Parameter Arrow Part Number:TPD3S014TDBVRQ1 from Part U?
Removed Parameter Arrow Part Number:TXB0104D from Part U?
Removed Parameter Arrow Price/Stock:https://www.arrow.com/en/products/max14850aeet/maxim-integrated?region=nac from Part U?
Removed Parameter Arrow Price/Stock:https://www.arrow.com/en/products/tpd3s014tdbvrq1/texas-instruments?region=nac from Part U?
Removed Parameter Arrow Price/Stock:https://www.arrow.com/en/products/txb0104d/texas-instruments?region=nac from Part U?
Removed Parameter ComponentLink1Description:Manufacturer Link from Part U?
Removed Parameter ComponentLink1Description:Manufacturer Link from Part U?
Removed Parameter ComponentLink1Description:Manufacturer Link from Part U5
Removed Parameter ComponentLink1Description:Manufacturer Link from Part U?
Removed Parameter ComponentLink1Description:Manufacturer Link from Part U?
Removed Parameter ComponentLink1Description:Manufacturer Link from Part U?
Removed Parameter ComponentLink1Description:Manufacturer Link from Part U5
Removed Parameter ComponentLink1Description:Manufacturer Link from Part U?
Removed Parameter ComponentLink1Description:Manufacturer Link from Part U?
Removed Parameter ComponentLink1Description:Manufacturer Link from Part U?
Removed Parameter ComponentLink1Description:Manufacturer Link from Part U?
Removed Parameter ComponentLink1Description:Manufacturer Link from Part U?
Removed Parameter ComponentLink1Description:Manufacturer Link from Part U?
Removed Parameter ComponentLink1Description:Manufacturer Link from Part U?
Removed Parameter ComponentLink1Description:Manufacturer Link from Part U?
Removed Parameter ComponentLink1URL:http://www.irf.com/ from Part U?
Removed Parameter ComponentLink1URL:http://www.maxim-ic.com/ from Part U?
Removed Parameter ComponentLink1URL:http://www.maxim-ic.com/ from Part U?
Removed Parameter ComponentLink1URL:http://www.microchip.com from Part U?
Removed Parameter ComponentLink1URL:http://www.microchip.com from Part U?
Removed Parameter ComponentLink1URL:http://www.onsemi.com/site/products/taxonomy/0,4438,503,00.html from Part U?
Removed Parameter ComponentLink1URL:http://www.st.com/ from Part U5
Removed Parameter ComponentLink1URL:http://www.st.com/ from Part U?
Removed Parameter ComponentLink1URL:http://www.st.com/ from Part U5
Removed Parameter ComponentLink1URL:http://www.ti.com/ from Part U?
Removed Parameter ComponentLink1URL:http://www.ti.com/ from Part U?
Removed Parameter ComponentLink1URL:www.st.com/stm32 from Part U?
Removed Parameter ComponentLink1URL:www.st.com/stm32 from Part U?
Removed Parameter ComponentLink1URL:www.st.com/stm32 from Part U?
Removed Parameter ComponentLink1URL:www.st.com/stm32 from Part U?
Removed Parameter ComponentLink2Description:Datasheet from Part U?
Removed Parameter ComponentLink2Description:Datasheet from Part U?
Removed Parameter ComponentLink2Description:Datasheet from Part U5
Removed Parameter ComponentLink2Description:Datasheet from Part U?
Removed Parameter ComponentLink2Description:Datasheet from Part U5
Removed Parameter ComponentLink2Description:Datasheet from Part U?
Removed Parameter ComponentLink2Description:Datasheet from Part U?
Removed Parameter ComponentLink2Description:Datasheet from Part U?
Removed Parameter ComponentLink2Description:Datasheet from Part U?
Removed Parameter ComponentLink2Description:Datasheet from Part U?
Removed Parameter ComponentLink2Description:Datasheet from Part U?
Removed Parameter ComponentLink2Description:Datasheet from Part U?
Removed Parameter ComponentLink2Description:Datasheet from Part U?
Removed Parameter ComponentLink2URL:http://pdfserv.maxim-ic.com/en/ds/MAX220-MAX249.pdf from Part U?
Removed Parameter ComponentLink2URL:http://pdfserv.maxim-ic.com/en/ds/MAX1487-MAX491.pdf from Part U?
Removed Parameter ComponentLink2URL:http://ww1.microchip.com/downloads/en/DeviceDoc/21667d.pdf from Part U?
Removed Parameter ComponentLink2URL:http://ww1.microchip.com/downloads/en/DeviceDoc/21667d.pdf from Part U?
Removed Parameter ComponentLink2URL:http://www.irf.com/product-info/datasheets/data/ir2117.pdf from Part U?
Removed Parameter ComponentLink2URL:http://www.onsemi.com/pub/Collateral/TL431-D.PDF from Part U?
Removed Parameter ComponentLink2URL:http://www.st.com/stonline/products/literature/ds/2159/lm239.pdf from Part U?
Removed Parameter ComponentLink2URL:http://www.st.com/stonline/products/literature/ds/5304/ua741.pdf from Part U5
Removed Parameter ComponentLink2URL:http://www.st.com/stonline/products/literature/ds/5304/ua741.pdf from Part U5
Removed Parameter ComponentLink2URL:http://www.st.com/stonline/products/literature/ds/13587.pdf from Part U?
Removed Parameter ComponentLink2URL:http://www.st.com/stonline/products/literature/ds/13587.pdf from Part U?
Removed Parameter ComponentLink2URL:http://www.st.com/stonline/products/literature/ds/13587.pdf from Part U?
Removed Parameter ComponentLink2URL:http://www.st.com/stonline/products/literature/ds/13587.pdf from Part U?
Removed Parameter Datasheet Link:http://www.ti.com/lit/gpn/tpd3s014-q1 from Part U?
Removed Parameter Datasheet Link:http://www.ti.com/lit/gpn/txb0104 from Part U?
Removed Parameter Datasheet Link:https://componentsearchengine.com/Datasheets/1/MAX14850AEE+T.pdf from Part U?
Removed Parameter DatasheetVersion:Jun-1998 from Part U?
Removed Parameter Geometry.Height:1.45mm from Part U?
Removed Parameter Geometry.Height:1.75mm from Part U?
Removed Parameter Geometry.Height:1.75mm from Part U?
Removed Parameter LatestRevisionDate:06-Jun-2005 from Part U?
Removed Parameter LatestRevisionNote:PCB pads lengthened. from Part U?
Removed Parameter Manufacturer_Name:Analog Devices from Part U?
Removed Parameter Manufacturer_Name:STMicroelectronics from Part U?
Removed Parameter Manufacturer_Name:Texas Instruments from Part U?
Removed Parameter Manufacturer_Name:Texas Instruments from Part U?
Removed Parameter Manufacturer_Part_Number:MAX14850AEE+T from Part U?
Removed Parameter Manufacturer_Part_Number:STM32G0B0CET6 from Part U?
Removed Parameter Manufacturer_Part_Number:TPD3S014TDBVRQ1 from Part U?
Removed Parameter Manufacturer_Part_Number:TXB0104D from Part U?
Removed Parameter Mouser Part Number:595-TPD3S014TDBVRQ1 from Part U?
Removed Parameter Mouser Part Number:595-TXB0104D from Part U?
Removed Parameter Mouser Part Number:700-MAX14850AEE+T from Part U?
Removed Parameter Mouser Price/Stock:https://www.mouser.co.uk/ProductDetail/Maxim-Integrated/MAX14850AEE%2bT?qs=PhR8RmCirEYVOTydy%2FnRaQ%3D%3D from Part U?
Removed Parameter Mouser Price/Stock:https://www.mouser.co.uk/ProductDetail/Texas-Instruments/TPD3S014TDBVRQ1?qs=f4l5qYp%2Fy%252B4t4RRhQp5Ndw%3D%3D from Part U?
Removed Parameter Mouser Price/Stock:https://www.mouser.co.uk/ProductDetail/Texas-Instruments/TXB0104D?qs=oFXvjAmG9Eh0u9dpGkn5zg%3D%3D from Part U?
Removed Parameter PackageDescription:D-PAK/TO-252-AA; 3 Leads (1 Cropped); Body 10.1 (inc. leads) x 6.6 mm (LxW max) from Part U?
Removed Parameter PackageReference:TO-252 from Part U?
Removed Parameter PackageVersion:Jun-2004 from Part U?
Removed Parameter Published:24-Aug-2001 from Part U?
Removed Parameter Published:Bastam Beyrami from Part U?
Removed Parameter Publisher:Altium Limited from Part U?
Removed Parameter Vaue:TL431-ACLP from Library 
Change Component Parameter Comment in D? Old= New==PartNumber
Change Component Parameter Comment in Q? Old= New==PartNumber
Change Component Parameter Comment in Q? Old= New==PartNumber
Change Component Parameter Comment in Q? Old= New==PartNumber
Change Component Parameter Comment in Q? Old= New==PartNumber
Change Component Parameter Comment in Q? Old= New==PartNumber
Change Component Parameter Comment in Q? Old= New==PartNumber
Change Component Parameter Comment in Q? Old= New==PartNumber
Change Component Parameter Comment in U? Old= New==PartNumber
Change Component Parameter Comment in U? Old= New==PartNumber
Change Component Parameter Comment in U? Old= New==PartNumber
Change Component Parameter Comment in U? Old= New==PartNumber
Change Component Parameter Comment in U? Old= New==PartNumber
Change Component Parameter Comment in U? Old= New==PartNumber
Change Component Parameter Comment in U? Old= New==PartNumber
Change Component Parameter Comment in U? Old= New==PartNumber
Change Component Parameter Comment in U? Old= New==PartNumber
Change Component Parameter Comment in B? Old= New==PartNumber
Change Component Parameter Comment in U? Old= New==PartNumber
Change Component Parameter Comment in U? Old= New==PartNumber
Change Component Parameter Comment in U? Old= New==PartNumber
Change Component Parameter Comment in U? Old= New==PartNumber
Change Component Parameter Comment in U? Old= New==PartNumber
Change Component Parameter Comment in U? Old= New==PartNumber
Change Component Parameter Comment in U? Old= New==PartNumber
Change Component Parameter Comment in U? Old= New==PartNumber
Change Component Parameter Comment in U? Old= New==PartNumber
Change Component Parameter Comment in U? Old= New==PartNumber
Change Component Parameter Comment in U? Old= New==PartNumber
Change Component Parameter Comment in D? Old= New==PartNumber
Change Component Parameter Comment in D? Old= New==PartNumber
Change Component Parameter Comment in D? Old= New==PartNumber
Change Component Parameter Comment in D? Old= New==PartNumber
Change Component Parameter Comment in Q? Old= New==PartNumber
Change Component Parameter Comment in Q? Old= New==PartNumber
Change Component Parameter Comment in Tr? Old= New==PartNumber
Change Component Parameter Comment in Q? Old= New==PartNumber
Change Component Parameter Comment in Tr? Old= New==PartNumber
Change Component Parameter Comment in Tr? Old= New==PartNumber
Change Component Parameter Comment in Tr? Old= New==PartNumber
Change Component Parameter Comment in Q? Old= New==PartNumber
Change Component Parameter Comment in Q? Old= New==PartNumber
Change Component Parameter Comment in Q? Old= New==PartNumber
Change Component Parameter Comment in U? Old= New==PartNumber
Change Component Parameter Comment in D? Old= New==PartNumber
Change Component Parameter Comment in D? Old= New==PartNumber
Change Component Parameter Comment in D? Old= New==PartNumber
Change Component Parameter Comment in Q? Old= New==PartNumber
Change Component Parameter Comment in U? Old= New==PartNumber
Change Component Parameter Comment in U? Old= New==PartNumber
Change Component Parameter Comment in DC To DC? Old= New==PartNumber
Change Component Parameter Comment in DC To DC? Old= New==PartNumber
Change Component Parameter Comment in D? Old= New==PartNumber
Change Component Parameter Comment in DB? Old= New==PartNumber
Change Component Parameter Comment in D? Old= New==PartNumber
Change Component Parameter Comment in D? Old= New==PartNumber
Change Component Parameter Comment in D? Old= New==PartNumber
Change Component Parameter Comment in Q? Old= New==PartNumber
Change Component Parameter Comment in U? Old= New==PartNumber
Change Component Parameter Comment in U? Old= New==PartNumber
Change Component Parameter Comment in M? Old= New==PartNumber
Change Component Parameter Comment in U? Old= New==PartNumber
Change Component Parameter Comment in U? Old= New==PartNumber
Change Component Parameter Comment in U? Old= New==PartNumber
Change Component Parameter Comment in U? Old= New==PartNumber
Change Component Parameter Comment in Q? Old= New==PartNumber
Change Component Parameter Comment in Q? Old= New==PartNumber
Change Component Parameter Comment in Q? Old= New==PartNumber
Change Component Parameter Comment in U? Old= New==PartNumber
Change Component Parameter Comment in U? Old= New==PartNumber
Change Component Parameter Comment in U? Old= New==PartNumber
Change Component Parameter Comment in U? Old= New==PartNumber
Change Component Parameter Comment in U? Old= New==PartNumber
Change Component Parameter Comment in U? Old= New==PartNumber
Change Component Parameter Comment in U? Old= New==PartNumber
Change Component Parameter Comment in U? Old= New==PartNumber
Change Component Parameter Comment in Q? Old= New==PartNumber
Change Component Parameter Comment in Q? Old= New==PartNumber
Change Component Parameter Comment in U? Old= New==PartNumber
Change Component Parameter Comment in Q? Old= New==PartNumber
Change Component Parameter Comment in Q? Old= New==PartNumber
Change Component Parameter Comment in D? Old= New==PartNumber
Change Component Parameter Comment in D? Old= New==PartNumber
Change Component Parameter Comment in U? Old= New==PartNumber
Change Component Parameter Comment in U? Old= New==PartNumber
Change Component Parameter Comment in U? Old= New==PartNumber
Change Component Parameter Comment in U? Old= New==PartNumber
Change Component Parameter Comment in U? Old= New==PartNumber
Change Component Parameter Comment in U? Old= New==PartNumber
Change Component Parameter Comment in U? Old= New==PartNumber
Change Component Parameter Comment in U? Old= New==PartNumber
Change Component Parameter Comment in U? Old= New==PartNumber
Change Component Parameter Comment in U5 Old= New==PartNumber
Change Component Parameter Comment in U? Old= New==PartNumber
Change Component Parameter Comment in U? Old= New==PartNumber
Change Component Parameter Comment in U? Old= New==PartNumber
Change Component Parameter Comment in U? Old= New==PartNumber
Change Component Parameter Comment in U? Old= New==PartNumber
Change Component Parameter Comment in U? Old= New==PartNumber
Change Component Parameter Comment in U? Old= New==PartNumber
Change Component Parameter Comment in U5 Old= New==PartNumber
Change Component Parameter Comment in U? Old= New==PartNumber
Change Component Parameter Comment in U? Old= New==PartNumber
Change Component Parameter Comment in U? Old= New==PartNumber
Change Component Parameter Comment in U? Old= New==PartNumber
Change Component Parameter Comment in U? Old= New==PartNumber
Change Component Parameter Comment in U? Old= New==PartNumber
Change Component Parameter Comment in U? Old= New==PartNumber
Change Component Parameter Comment in U? Old= New==PartNumber
Change Component Parameter Comment in D? Old= New==PartNumber
Change Component Parameter Comment in U? Old= New==PartNumber
Change Component Parameter Comment in U? Old= New==PartNumber
Change Component Parameter Comment in U? Old= New==PartNumber
Change Component Parameter Comment in U? Old= New==PartNumber
Change Component Parameter Comment in U? Old= New==PartNumber
Change Component Parameter Comment in U? Old= New==PartNumber
Change Component Parameter Comment in U? Old= New==PartNumber
Change Component Parameter Comment in U? Old= New==PartNumber
Change Component Parameter Comment in Q? Old= New==PartNumber
Change Component Parameter Comment in D? Old= New==PartNumber
Change Component Parameter Comment in U? Old= New==PartNumber
Change Component Parameter Comment in Q? Old= New==PartNumber
Change Component Parameter Comment in Q? Old= New==PartNumber
Change Component Parameter Comment in U? Old= New==PartNumber
Change Component Parameter Comment in U? Old= New==PartNumber
Change Component Parameter Comment in U? Old= New==PartNumber
Change Component Parameter Comment in U? Old= New==PartNumber
Change Component Parameter Comment in U? Old= New==PartNumber
Change Component Parameter Comment in RF? Old= New==PartNumber
Change Component Parameter Comment in U? Old= New==PartNumber
Change Component Parameter Comment in U? Old= New==PartNumber
Change Component Parameter Comment in U? Old= New==PartNumber
Change Component Parameter Comment in U? Old= New==PartNumber
Change Component Parameter Comment in U? Old= New==PartNumber
Change Component Parameter Comment in Q? Old= New==PartNumber
Change Component Parameter Comment in =Value Old= New==PartNumber
Change Component Parameter Comment in =Value Old= New==PartNumber
Change Component Parameter Comment in Q? Old= New==PartNumber
Change Component Parameter Comment in U? Old= New==PartNumber
Change Component Parameter Comment in U? Old= New==PartNumber
Change Component Parameter Comment in U? Old= New==PartNumber
Change Component Parameter Comment in U? Old= New==PartNumber
Change Component Parameter Comment in U? Old= New==PartNumber
Change Component Parameter Comment in U5 Old= New==PartNumber
Change Component Parameter Comment in Q? Old= New==PartNumber
Change Component Parameter Comment in M? Old= New==PartNumber
Change Component Parameter Comment in U? Old= New==PartNumber
Change Component Parameter Comment in U? Old= New==PartNumber
Change Component Parameter Comment in U? Old= New==PartNumber
Change Component Parameter Comment in Sim? Old= New==PartNumber
Change Component Parameter Comment in U? Old= New==PartNumber
Change Component Parameter Comment in U? Old= New==PartNumber
Change Component Parameter Comment in M? Old= New==PartNumber
Change Component Parameter Comment in U? Old= New==PartNumber
Change Component Parameter Comment in U? Old= New==PartNumber
Change Component Parameter Comment in U? Old= New==PartNumber
Change Component Parameter Comment in U? Old= New==PartNumber
Change Component Parameter Comment in U? Old= New==PartNumber
Change Component Parameter Comment in U? Old= New==PartNumber
Change Component Parameter Comment in U? Old= New==PartNumber
Change Component Parameter Comment in U? Old= New==PartNumber
Change Component Parameter Comment in U? Old= New==PartNumber
Change Component Parameter Comment in U? Old= New==PartNumber
Change Component Parameter Comment in U? Old= New==PartNumber
Change Component Parameter Comment in Q? Old= New==PartNumber
Change Component Parameter Comment in Q? Old= New==PartNumber
Change Component Parameter Comment in Q? Old= New==PartNumber
Change Component Parameter Comment in U? Old= New==PartNumber
Change Component Parameter Comment in U? Old= New==PartNumber
Change Component Parameter Comment in U? Old= New==PartNumber
Change Component Parameter Comment in U? Old= New==PartNumber
Change Component Parameter Comment in U? Old= New==PartNumber
Change Component Parameter Comment in U? Old= New==PartNumber
Change Component Parameter Comment in U? Old= New==PartNumber
Change Component Parameter Comment in U? Old= New==PartNumber
Change Component Parameter Comment in U? Old= New==PartNumber
Change Component Parameter Comment in U? Old= New==PartNumber
Change Component Parameter Comment in U? Old= New==PartNumber
Change Component Parameter Comment in SCR? Old= New==PartNumber
Change Component Parameter Comment in U? Old= New==PartNumber
Change Component Parameter Comment in U? Old= New==PartNumber
Change Component Parameter Comment in U? Old= New==PartNumber
Change Component Parameter Comment in U? Old= New==PartNumber
Change Component Parameter Comment in U? Old= New==PartNumber
Change Component Parameter Comment in U? Old= New==PartNumber
Change Component Parameter Comment in U? Old= New==PartNumber
Change Component Parameter Comment in U? Old= New==PartNumber
Change Component Parameter Comment in U? Old= New==PartNumber
Change Component Parameter Comment in Q? Old= New==PartNumber
Change Component Parameter Comment in U? Old= New==PartNumber
Change Value of Parameter PartNmber in Part D? Old=Value New=PartNmber
Change Value of Parameter PartNmber in Part Q? Old=Value New=PartNmber
Change Value of Parameter PartNmber in Part Q? Old=Value New=PartNmber
Change Value of Parameter PartNmber in Part Q? Old=Value New=PartNmber
Change Value of Parameter PartNmber in Part Q? Old=Value New=PartNmber
Change Value of Parameter PartNmber in Part Q? Old=Value New=PartNmber
Change Value of Parameter PartNmber in Part Q? Old=Value New=PartNmber
Change Value of Parameter PartNmber in Part Q? Old=Value New=PartNmber
Change Value of Parameter PartNmber in Part U? Old=value New=PartNmber
Change Value of Parameter PartNmber in Part U? Old=Value New=PartNmber
Change Value of Parameter PartNmber in Part U? Old=Value New=PartNmber
Change Value of Parameter PartNmber in Part U? Old=VALUE New=PartNmber
Change Value of Parameter PartNmber in Part U? Old=Value New=PartNmber
Change Value of Parameter PartNmber in Part U? Old=Value New=PartNmber
Change Value of Parameter PartNmber in Part U? Old=Value New=PartNmber
Change Value of Parameter PartNmber in Part U? Old=Value New=PartNmber
Change Value of Parameter PartNmber in Part U? Old=VALUE New=PartNmber
Change Value of Parameter PartNmber in Part B? Old=Value New=PartNmber
Change Value of Parameter PartNmber in Part U? Old=Value New=PartNmber
Change Value of Parameter PartNmber in Part U? Old=Value New=PartNmber
Change Value of Parameter PartNmber in Part U? Old=Value New=PartNmber
Change Value of Parameter PartNmber in Part U? Old=Value New=PartNmber
Change Value of Parameter PartNmber in Part U? Old=Value New=PartNmber
Change Value of Parameter PartNmber in Part U? Old=Value New=PartNmber
Change Value of Parameter PartNmber in Part U? Old=Value New=PartNmber
Change Value of Parameter PartNmber in Part U? Old=Value New=PartNmber
Change Value of Parameter PartNmber in Part U? Old=Value New=PartNmber
Change Value of Parameter PartNmber in Part U? Old=Value New=PartNmber
Change Value of Parameter PartNmber in Part U? Old=Value New=PartNmber
Change Value of Parameter PartNmber in Part D? Old=Value New=PartNmber
Change Value of Parameter PartNmber in Part D? Old=Value New=PartNmber
Change Value of Parameter PartNmber in Part D? Old=Value New=PartNmber
Change Value of Parameter PartNmber in Part D? Old=Value New=PartNmber
Change Value of Parameter PartNmber in Part Q? Old=Value New=PartNmber
Change Value of Parameter PartNmber in Part Q? Old=Value New=PartNmber
Change Value of Parameter PartNmber in Part Tr? Old=Value New=PartNmber
Change Value of Parameter PartNmber in Part Q? Old=Value New=PartNmber
Change Value of Parameter PartNmber in Part Tr? Old=Value New=PartNmber
Change Value of Parameter PartNmber in Part Tr? Old=Value New=PartNmber
Change Value of Parameter PartNmber in Part Tr? Old=Value New=PartNmber
Change Value of Parameter PartNmber in Part Q? Old=Value New=PartNmber
Change Value of Parameter PartNmber in Part Q? Old=Value New=PartNmber
Change Value of Parameter PartNmber in Part Q? Old=VALUE New=PartNmber
Change Value of Parameter PartNmber in Part U? Old=Value New=PartNmber
Change Value of Parameter PartNmber in Part D? Old=Value New=PartNmber
Change Value of Parameter PartNmber in Part D? Old=Value New=PartNmber
Change Value of Parameter PartNmber in Part D? Old=VALUE New=PartNmber
Change Value of Parameter PartNmber in Part Q? Old=Value New=PartNmber
Change Value of Parameter PartNmber in Part U? Old=Value New=PartNmber
Change Value of Parameter PartNmber in Part U? Old=value New=PartNmber
Change Value of Parameter PartNmber in Part DC To DC? Old=Value New=PartNmber
Change Value of Parameter PartNmber in Part DC To DC? Old=VALUE New=PartNmber
Change Value of Parameter PartNmber in Part DB? Old=Value New=PartNmber
Change Value of Parameter PartNmber in Part D? Old=Value New=PartNmber
Change Value of Parameter PartNmber in Part D? Old=Value New=PartNmber
Change Value of Parameter PartNmber in Part D? Old=Value New=PartNmber
Change Value of Parameter PartNmber in Part D? Old=VALUE New=PartNmber
Change Value of Parameter PartNmber in Part Q? Old=Value New=PartNmber
Change Value of Parameter PartNmber in Part U? Old=Value New=PartNmber
Change Value of Parameter PartNmber in Part M? Old=Value New=PartNmber
Change Value of Parameter PartNmber in Part U? Old=Value New=PartNmber
Change Value of Parameter PartNmber in Part U? Old=Value New=PartNmber
Change Value of Parameter PartNmber in Part U? Old=Value New=PartNmber
Change Value of Parameter PartNmber in Part U? Old=Value New=PartNmber
Change Value of Parameter PartNmber in Part Q? Old=Value New=PartNmber
Change Value of Parameter PartNmber in Part Q? Old=Value New=PartNmber
Change Value of Parameter PartNmber in Part Q? Old=Value New=PartNmber
Change Value of Parameter PartNmber in Part U? Old=Value New=PartNmber
Change Value of Parameter PartNmber in Part U? Old=Value New=PartNmber
Change Value of Parameter PartNmber in Part U? Old=Value New=PartNmber
Change Value of Parameter PartNmber in Part U? Old=Value New=PartNmber
Change Value of Parameter PartNmber in Part U? Old=Value New=PartNmber
Change Value of Parameter PartNmber in Part U? Old=VALUE New=PartNmber
Change Value of Parameter PartNmber in Part U? Old=VALUE New=PartNmber
Change Value of Parameter PartNmber in Part U? Old=Value New=PartNmber
Change Value of Parameter PartNmber in Part Q? Old=VALUE New=PartNmber
Change Value of Parameter PartNmber in Part Q? Old=VALUE New=PartNmber
Change Value of Parameter PartNmber in Part Q? Old=VALUE New=PartNmber
Change Value of Parameter PartNmber in Part Q? Old=VALUE New=PartNmber
Change Value of Parameter PartNmber in Part D? Old=VALUE New=PartNmber
Change Value of Parameter PartNmber in Part D? Old=VALUE New=PartNmber
Change Value of Parameter PartNmber in Part U? Old=Value New=PartNmber
Change Value of Parameter PartNmber in Part U? Old=Value New=PartNmber
Change Value of Parameter PartNmber in Part U? Old=Value New=PartNmber
Change Value of Parameter PartNmber in Part U? Old=value New=PartNmber
Change Value of Parameter PartNmber in Part U? Old=Value New=PartNmber
Change Value of Parameter PartNmber in Part U? Old=Value New=PartNmber
Change Value of Parameter PartNmber in Part U? Old=Value New=PartNmber
Change Value of Parameter PartNmber in Part U? Old=Value New=PartNmber
Change Value of Parameter PartNmber in Part U? Old=Value New=PartNmber
Change Value of Parameter PartNmber in Part U5 Old=Value New=PartNmber
Change Value of Parameter PartNmber in Part U? Old=Value New=PartNmber
Change Value of Parameter PartNmber in Part U? Old=Value New=PartNmber
Change Value of Parameter PartNmber in Part U? Old=VALUE New=PartNmber
Change Value of Parameter PartNmber in Part U? Old=Value New=PartNmber
Change Value of Parameter PartNmber in Part U? Old=Value New=PartNmber
Change Value of Parameter PartNmber in Part U? Old=Value New=PartNmber
Change Value of Parameter PartNmber in Part U? Old=Value New=PartNmber
Change Value of Parameter PartNmber in Part U5 Old=Value New=PartNmber
Change Value of Parameter PartNmber in Part U? Old=Value New=PartNmber
Change Value of Parameter PartNmber in Part U? Old=Value New=PartNmber
Change Value of Parameter PartNmber in Part U? Old=Value New=PartNmber
Change Value of Parameter PartNmber in Part U? Old=Value New=PartNmber
Change Value of Parameter PartNmber in Part U? Old=Value New=PartNmber
Change Value of Parameter PartNmber in Part U? Old=Value New=PartNmber
Change Value of Parameter PartNmber in Part U? Old=value New=PartNmber
Change Value of Parameter PartNmber in Part D? Old=VALUE New=PartNmber
Change Value of Parameter PartNmber in Part U? Old=Value New=PartNmber
Change Value of Parameter PartNmber in Part U? Old=Value New=PartNmber
Change Value of Parameter PartNmber in Part U? Old=Value New=PartNmber
Change Value of Parameter PartNmber in Part U? Old=Value New=PartNmber
Change Value of Parameter PartNmber in Part U? Old=Value New=PartNmber
Change Value of Parameter PartNmber in Part U? Old=Value New=PartNmber
Change Value of Parameter PartNmber in Part U? Old=VALUE New=PartNmber
Change Value of Parameter PartNmber in Part U? Old=Value New=PartNmber
Change Value of Parameter PartNmber in Part Q? Old=Value New=PartNmber
Change Value of Parameter PartNmber in Part D? Old=Value New=PartNmber
Change Value of Parameter PartNmber in Part U? Old=Value New=PartNmber
Change Value of Parameter PartNmber in Part Q? Old=VALUE New=PartNmber
Change Value of Parameter PartNmber in Part Q? Old=Value New=PartNmber
Change Value of Parameter PartNmber in Part U? Old=Value New=PartNmber
Change Value of Parameter PartNmber in Part U? Old=Value New=PartNmber
Change Value of Parameter PartNmber in Part U? Old=Value New=PartNmber
Change Value of Parameter PartNmber in Part U? Old=Value New=PartNmber
Change Value of Parameter PartNmber in Part U? Old=Value New=PartNmber
Change Value of Parameter PartNmber in Part RF? Old=Value New=PartNmber
Change Value of Parameter PartNmber in Part U? Old=value New=PartNmber
Change Value of Parameter PartNmber in Part U? Old=VALUE New=PartNmber
Change Value of Parameter PartNmber in Part U? Old=VALUE New=PartNmber
Change Value of Parameter PartNmber in Part U? Old=VALUE New=PartNmber
Change Value of Parameter PartNmber in Part U? Old=VALUE New=PartNmber
Change Value of Parameter PartNmber in Part Q? Old=Value New=PartNmber
Change Value of Parameter PartNmber in Part =Value Old=Value New=PartNmber
Change Value of Parameter PartNmber in Part =Value Old=Value New=PartNmber
Change Value of Parameter PartNmber in Part Q? Old=Value New=PartNmber
Change Value of Parameter PartNmber in Part U? Old=Value New=PartNmber
Change Value of Parameter PartNmber in Part U? Old=VALUE New=PartNmber
Change Value of Parameter PartNmber in Part U? Old=VALUE New=PartNmber
Change Value of Parameter PartNmber in Part U? Old=Value New=PartNmber
Change Value of Parameter PartNmber in Part U? Old=Value New=PartNmber
Change Value of Parameter PartNmber in Part U5 Old=Value New=PartNmber
Change Value of Parameter PartNmber in Part Q? Old=VALUE New=PartNmber
Change Value of Parameter PartNmber in Part M? Old=VALUE New=PartNmber
Change Value of Parameter PartNmber in Part U? Old=Value New=PartNmber
Change Value of Parameter PartNmber in Part U? Old=Value New=PartNmber
Change Value of Parameter PartNmber in Part U? Old=Value New=PartNmber
Change Value of Parameter PartNmber in Part Sim? Old=Value New=PartNmber
Change Value of Parameter PartNmber in Part U? Old=Value New=PartNmber
Change Value of Parameter PartNmber in Part M? Old=Value New=PartNmber
Change Value of Parameter PartNmber in Part U? Old=value New=PartNmber
Change Value of Parameter PartNmber in Part U? Old=VALUE New=PartNmber
Change Value of Parameter PartNmber in Part U? Old=Value New=PartNmber
Change Value of Parameter PartNmber in Part U? Old=Value New=PartNmber
Change Value of Parameter PartNmber in Part U? Old=Value New=PartNmber
Change Value of Parameter PartNmber in Part U? Old=Value New=PartNmber
Change Value of Parameter PartNmber in Part U? Old=Value New=PartNmber
Change Value of Parameter PartNmber in Part U? Old=Value New=PartNmber
Change Value of Parameter PartNmber in Part U? Old=Value New=PartNmber
Change Value of Parameter PartNmber in Part U? Old=Value New=PartNmber
Change Value of Parameter PartNmber in Part U? Old=Value New=PartNmber
Change Value of Parameter PartNmber in Part Q? Old=Value New=PartNmber
Change Value of Parameter PartNmber in Part Q? Old=Value New=PartNmber
Change Value of Parameter PartNmber in Part Q? Old=Value New=PartNmber
Change Value of Parameter PartNmber in Part U? Old=Value New=PartNmber
Change Value of Parameter PartNmber in Part U? Old=Value New=PartNmber
Change Value of Parameter PartNmber in Part U? Old=Value New=PartNmber
Change Value of Parameter PartNmber in Part U? Old=Value New=PartNmber
Change Value of Parameter PartNmber in Part U? Old=VALUE New=PartNmber
Change Value of Parameter PartNmber in Part U? Old=VALUE New=PartNmber
Change Value of Parameter PartNmber in Part U? Old=Value New=PartNmber
Change Value of Parameter PartNmber in Part U? Old=Value New=PartNmber
Change Value of Parameter PartNmber in Part U? Old=Value New=PartNmber
Change Value of Parameter PartNmber in Part U? Old=Value New=PartNmber
Change Value of Parameter PartNmber in Part SCR? Old=VALUE New=PartNmber
Change Value of Parameter PartNmber in Part U? Old=value New=PartNmber
Change Value of Parameter PartNmber in Part U? Old=Value New=PartNmber
Change Value of Parameter PartNmber in Part U? Old=Value New=PartNmber
Change Value of Parameter PartNmber in Part U? Old=Value New=PartNmber
Change Value of Parameter PartNmber in Part U? Old=Value New=PartNmber
Change Value of Parameter PartNmber in Part U? Old=Value New=PartNmber
Change Value of Parameter PartNmber in Part U? Old=Value New=PartNmber
Change Value of Parameter PartNmber in Part U? Old=value New=PartNmber
Change Value of Parameter PartNmber in Part U? Old=Value New=PartNmber
Change Value of Parameter PartNmber in Part Q? Old=VALUE New=PartNmber
Change Value of Parameter PartNmber in Part U? Old=Value New=PartNmber
Added Parameter PartNmber=TL431-ACLP to Part U?
