Added Parameter SMD Code= to Part Q?
Added Parameter SMD Code= to Part Q?
Added Parameter SMD Code= to Part Q?
Added Parameter SMD Code= to Part Q?
Added Parameter SMD Code= to Part Q?
Added Parameter SMD Code= to Part Q?
Added Parameter SMD Code= to Part Q?
Added Parameter SMD Code= to Part U?
Added Parameter SMD Code= to Part U?
Added Parameter SMD Code= to Part U?
Added Parameter SMD Code= to Part U?
Added Parameter SMD Code= to Part U?
Added Parameter SMD Code= to Part U?
Added Parameter SMD Code= to Part U?
Added Parameter SMD Code= to Part U?
Added Parameter SMD Code= to Part B?
Added Parameter SMD Code= to Part U?
Added Parameter SMD Code= to Part U?
Added Parameter SMD Code= to Part U?
Added Parameter SMD Code= to Part U?
Added Parameter SMD Code= to Part U?
Added Parameter SMD Code= to Part U?
Added Parameter SMD Code= to Part U?
Added Parameter SMD Code= to Part U?
Added Parameter SMD Code= to Part U?
Added Parameter SMD Code= to Part U?
Added Parameter SMD Code= to Part U?
Added Parameter SMD Code= to Part D?
Added Parameter SMD Code= to Part D?
Added Parameter SMD Code= to Part D?
Added Parameter SMD Code= to Part D?
Added Parameter SMD Code= to Part Q?
Added Parameter SMD Code= to Part Q?
Added Parameter SMD Code= to Part Tr?
Added Parameter SMD Code= to Part Q?
Added Parameter SMD Code= to Part Tr?
Added Parameter SMD Code= to Part Tr?
Added Parameter SMD Code= to Part Tr?
Added Parameter SMD Code= to Part Q?
Added Parameter SMD Code= to Part Q?
Added Parameter SMD Code= to Part Q?
Added Parameter SMD Code= to Part U?
Added Parameter SMD Code= to Part D?
Added Parameter SMD Code= to Part D?
Added Parameter SMD Code= to Part D?
Added Parameter SMD Code= to Part Q?
Added Parameter SMD Code= to Part U?
Added Parameter SMD Code= to Part U?
Added Parameter SMD Code= to Part DC To DC?
Added Parameter SMD Code= to Part DC To DC?
Added Parameter SMD Code= to Part DB?
Added Parameter SMD Code= to Part D?
Added Parameter SMD Code= to Part D?
Added Parameter SMD Code= to Part D?
Added Parameter SMD Code= to Part D?
Added Parameter SMD Code= to Part Q?
Added Parameter SMD Code= to Part U?
Added Parameter SMD Code= to Part U?
Added Parameter SMD Code= to Part M?
Added Parameter SMD Code= to Part U?
Added Parameter SMD Code= to Part U?
Added Parameter SMD Code= to Part U?
Added Parameter SMD Code= to Part U?
Added Parameter SMD Code= to Part Q?
Added Parameter SMD Code= to Part Q?
Added Parameter SMD Code= to Part Q?
Added Parameter SMD Code= to Part U?
Added Parameter SMD Code= to Part U?
Added Parameter SMD Code= to Part U?
Added Parameter SMD Code= to Part U?
Added Parameter SMD Code= to Part U?
Added Parameter SMD Code= to Part U?
Added Parameter SMD Code= to Part U?
Added Parameter SMD Code= to Part U?
Added Parameter SMD Code= to Part Q?
Added Parameter SMD Code= to Part Q?
Added Parameter SMD Code= to Part U?
Added Parameter SMD Code= to Part Q?
Added Parameter SMD Code= to Part Q?
Added Parameter SMD Code= to Part D?
Added Parameter SMD Code= to Part D?
Added Parameter SMD Code= to Part U?
Added Parameter SMD Code= to Part U?
Added Parameter SMD Code= to Part U?
Added Parameter SMD Code= to Part U?
Added Parameter SMD Code= to Part U?
Added Parameter SMD Code= to Part U?
Added Parameter SMD Code= to Part U?
Added Parameter SMD Code= to Part U?
Added Parameter SMD Code= to Part U?
Added Parameter SMD Code= to Part U5
Added Parameter SMD Code= to Part U?
Added Parameter SMD Code= to Part U?
Added Parameter SMD Code= to Part U?
Added Parameter SMD Code= to Part U?
Added Parameter SMD Code= to Part U?
Added Parameter SMD Code= to Part U?
Added Parameter SMD Code= to Part U?
Added Parameter SMD Code= to Part U5
Added Parameter SMD Code= to Part U?
Added Parameter SMD Code= to Part U?
Added Parameter SMD Code= to Part U?
Added Parameter SMD Code= to Part U?
Added Parameter SMD Code= to Part U?
Added Parameter SMD Code= to Part U?
Added Parameter SMD Code= to Part U?
Added Parameter SMD Code= to Part U?
Added Parameter SMD Code= to Part D?
Added Parameter SMD Code= to Part U?
Added Parameter SMD Code= to Part U?
Added Parameter SMD Code= to Part U?
Added Parameter SMD Code= to Part U?
Added Parameter SMD Code= to Part U?
Added Parameter SMD Code= to Part U?
Added Parameter SMD Code= to Part U?
Added Parameter SMD Code= to Part U?
Added Parameter SMD Code= to Part Q?
Added Parameter SMD Code= to Part D?
Added Parameter SMD Code= to Part U?
Added Parameter SMD Code= to Part Q?
Added Parameter SMD Code= to Part Q?
Added Parameter SMD Code= to Part U?
Added Parameter SMD Code= to Part U?
Added Parameter SMD Code= to Part U?
Added Parameter SMD Code= to Part U?
Added Parameter SMD Code= to Part U?
Added Parameter SMD Code= to Part RF?
Added Parameter SMD Code= to Part U?
Added Parameter SMD Code= to Part U?
Added Parameter SMD Code= to Part U?
Added Parameter SMD Code= to Part U?
Added Parameter SMD Code= to Part U?
Added Parameter SMD Code= to Part Q?
Added Parameter SMD Code= to Part =Value
Added Parameter SMD Code= to Part =Value
Added Parameter SMD Code= to Part Q?
Added Parameter SMD Code= to Part U?
Added Parameter SMD Code= to Part U?
Added Parameter SMD Code= to Part U?
Added Parameter SMD Code= to Part U?
Added Parameter SMD Code= to Part U?
Added Parameter SMD Code= to Part U5
Added Parameter SMD Code= to Part Q?
Added Parameter SMD Code= to Part M?
Added Parameter SMD Code= to Part U?
Added Parameter SMD Code= to Part U?
Added Parameter SMD Code= to Part U?
Added Parameter SMD Code= to Part Sim?
Added Parameter SMD Code= to Part U?
Added Parameter SMD Code= to Part U?
Added Parameter SMD Code= to Part M?
Added Parameter SMD Code= to Part U?
Added Parameter SMD Code= to Part U?
Added Parameter SMD Code= to Part U?
Added Parameter SMD Code= to Part U?
Added Parameter SMD Code= to Part U?
Added Parameter SMD Code= to Part U?
Added Parameter SMD Code= to Part U?
Added Parameter SMD Code= to Part U?
Added Parameter SMD Code= to Part U?
Added Parameter SMD Code= to Part U?
Added Parameter SMD Code= to Part U?
Added Parameter SMD Code= to Part Q?
Added Parameter SMD Code= to Part Q?
Added Parameter SMD Code= to Part Q?
Added Parameter SMD Code= to Part U?
Added Parameter SMD Code= to Part U?
Added Parameter SMD Code= to Part U?
Added Parameter SMD Code= to Part U?
Added Parameter SMD Code= to Part U?
Added Parameter SMD Code= to Part U?
Added Parameter SMD Code= to Part U?
Added Parameter SMD Code= to Part U?
Added Parameter SMD Code= to Part U?
Added Parameter SMD Code= to Part U?
Added Parameter SMD Code= to Part U?
Added Parameter SMD Code= to Part SCR?
Added Parameter SMD Code= to Part U?
Added Parameter SMD Code= to Part U?
Added Parameter SMD Code= to Part U?
Added Parameter SMD Code= to Part U?
Added Parameter SMD Code= to Part U?
Added Parameter SMD Code= to Part U?
Added Parameter SMD Code= to Part U?
Added Parameter SMD Code= to Part U?
Added Parameter SMD Code= to Part U?
Added Parameter SMD Code= to Part Q?
Added Parameter SMD Code= to Part U?
Added Parameter Specification= to Part D?
Added Parameter Specification= to Part Q?
Added Parameter Specification= to Part Q?
Added Parameter Specification= to Part Q?
Added Parameter Specification= to Part Q?
Added Parameter Specification= to Part Q?
Added Parameter Specification= to Part Q?
Added Parameter Specification= to Part Q?
Added Parameter Specification= to Part U?
Added Parameter Specification= to Part U?
Added Parameter Specification= to Part U?
Added Parameter Specification= to Part U?
Added Parameter Specification= to Part U?
Added Parameter Specification= to Part U?
Added Parameter Specification= to Part U?
Added Parameter Specification= to Part U?
Added Parameter Specification= to Part B?
Added Parameter Specification= to Part U?
Added Parameter Specification= to Part U?
Added Parameter Specification= to Part U?
Added Parameter Specification= to Part U?
Added Parameter Specification= to Part U?
Added Parameter Specification= to Part U?
Added Parameter Specification= to Part U?
Added Parameter Specification= to Part U?
Added Parameter Specification= to Part U?
Added Parameter Specification= to Part U?
Added Parameter Specification= to Part U?
Added Parameter Specification= to Part D?
Added Parameter Specification= to Part D?
Added Parameter Specification= to Part D?
Added Parameter Specification= to Part D?
Added Parameter Specification= to Part Q?
Added Parameter Specification= to Part Q?
Added Parameter Specification= to Part Tr?
Added Parameter Specification= to Part Q?
Added Parameter Specification= to Part Tr?
Added Parameter Specification= to Part Tr?
Added Parameter Specification= to Part Tr?
Added Parameter Specification= to Part Q?
Added Parameter Specification= to Part Q?
Added Parameter Specification= to Part Q?
Added Parameter Specification= to Part U?
Added Parameter Specification= to Part D?
Added Parameter Specification= to Part D?
Added Parameter Specification= to Part D?
Added Parameter Specification= to Part Q?
Added Parameter Specification= to Part U?
Added Parameter Specification= to Part U?
Added Parameter Specification= to Part DC To DC?
Added Parameter Specification= to Part DC To DC?
Added Parameter Specification= to Part DB?
Added Parameter Specification= to Part D?
Added Parameter Specification= to Part D?
Added Parameter Specification= to Part D?
Added Parameter Specification= to Part D?
Added Parameter Specification= to Part Q?
Added Parameter Specification= to Part U?
Added Parameter Specification= to Part U?
Added Parameter Specification= to Part M?
Added Parameter Specification= to Part U?
Added Parameter Specification= to Part U?
Added Parameter Specification= to Part U?
Added Parameter Specification= to Part U?
Added Parameter Specification= to Part Q?
Added Parameter Specification= to Part Q?
Added Parameter Specification= to Part Q?
Added Parameter Specification= to Part U?
Added Parameter Specification= to Part U?
Added Parameter Specification= to Part U?
Added Parameter Specification= to Part U?
Added Parameter Specification= to Part U?
Added Parameter Specification= to Part U?
Added Parameter Specification= to Part U?
Added Parameter Specification= to Part U?
Added Parameter Specification= to Part Q?
Added Parameter Specification= to Part Q?
Added Parameter Specification= to Part U?
Added Parameter Specification= to Part Q?
Added Parameter Specification= to Part Q?
Added Parameter Specification= to Part D?
Added Parameter Specification= to Part D?
Added Parameter Specification= to Part U?
Added Parameter Specification= to Part U?
Added Parameter Specification= to Part U?
Added Parameter Specification= to Part U?
Added Parameter Specification= to Part U?
Added Parameter Specification= to Part U?
Added Parameter Specification= to Part U?
Added Parameter Specification= to Part U?
Added Parameter Specification= to Part U?
Added Parameter Specification= to Part U5
Added Parameter Specification= to Part U?
Added Parameter Specification= to Part U?
Added Parameter Specification= to Part U?
Added Parameter Specification= to Part U?
Added Parameter Specification= to Part U?
Added Parameter Specification= to Part U?
Added Parameter Specification= to Part U?
Added Parameter Specification= to Part U5
Added Parameter Specification= to Part U?
Added Parameter Specification= to Part U?
Added Parameter Specification= to Part U?
Added Parameter Specification= to Part U?
Added Parameter Specification= to Part U?
Added Parameter Specification= to Part U?
Added Parameter Specification= to Part U?
Added Parameter Specification= to Part U?
Added Parameter Specification= to Part D?
Added Parameter Specification= to Part U?
Added Parameter Specification= to Part U?
Added Parameter Specification= to Part U?
Added Parameter Specification= to Part U?
Added Parameter Specification= to Part U?
Added Parameter Specification= to Part U?
Added Parameter Specification= to Part U?
Added Parameter Specification= to Part U?
Added Parameter Specification= to Part Q?
Added Parameter Specification= to Part D?
Added Parameter Specification= to Part U?
Added Parameter Specification= to Part Q?
Added Parameter Specification= to Part Q?
Added Parameter Specification= to Part U?
Added Parameter Specification= to Part U?
Added Parameter Specification= to Part U?
Added Parameter Specification= to Part U?
Added Parameter Specification= to Part U?
Added Parameter Specification= to Part RF?
Added Parameter Specification= to Part U?
Added Parameter Specification= to Part U?
Added Parameter Specification= to Part U?
Added Parameter Specification= to Part U?
Added Parameter Specification= to Part U?
Added Parameter Specification= to Part Q?
Added Parameter Specification= to Part =Value
Added Parameter Specification= to Part =Value
Added Parameter Specification= to Part Q?
Added Parameter Specification= to Part U?
Added Parameter Specification= to Part U?
Added Parameter Specification= to Part U?
Added Parameter Specification= to Part U?
Added Parameter Specification= to Part U?
Added Parameter Specification= to Part U5
Added Parameter Specification= to Part Q?
Added Parameter Specification= to Part M?
Added Parameter Specification= to Part U?
Added Parameter Specification= to Part U?
Added Parameter Specification= to Part U?
Added Parameter Specification= to Part Sim?
Added Parameter Specification= to Part U?
Added Parameter Specification= to Part U?
Added Parameter Specification= to Part M?
Added Parameter Specification= to Part U?
Added Parameter Specification= to Part U?
Added Parameter Specification= to Part U?
Added Parameter Specification= to Part U?
Added Parameter Specification= to Part U?
Added Parameter Specification= to Part U?
Added Parameter Specification= to Part U?
Added Parameter Specification= to Part U?
Added Parameter Specification= to Part U?
Added Parameter Specification= to Part U?
Added Parameter Specification= to Part U?
Added Parameter Specification= to Part Q?
Added Parameter Specification= to Part Q?
Added Parameter Specification= to Part Q?
Added Parameter Specification= to Part U?
Added Parameter Specification= to Part U?
Added Parameter Specification= to Part U?
Added Parameter Specification= to Part U?
Added Parameter Specification= to Part U?
Added Parameter Specification= to Part U?
Added Parameter Specification= to Part U?
Added Parameter Specification= to Part U?
Added Parameter Specification= to Part U?
Added Parameter Specification= to Part U?
Added Parameter Specification= to Part U?
Added Parameter Specification= to Part SCR?
Added Parameter Specification= to Part U?
Added Parameter Specification= to Part U?
Added Parameter Specification= to Part U?
Added Parameter Specification= to Part U?
Added Parameter Specification= to Part U?
Added Parameter Specification= to Part U?
Added Parameter Specification= to Part U?
Added Parameter Specification= to Part U?
Added Parameter Specification= to Part U?
Added Parameter Specification= to Part Q?
Added Parameter Specification= to Part U?
Added Parameter Temperature Range= to Part D?
Added Parameter Temperature Range= to Part Q?
Added Parameter Temperature Range= to Part Q?
Added Parameter Temperature Range= to Part Q?
Added Parameter Temperature Range= to Part Q?
Added Parameter Temperature Range= to Part Q?
Added Parameter Temperature Range= to Part Q?
Added Parameter Temperature Range= to Part Q?
Added Parameter Temperature Range= to Part U?
Added Parameter Temperature Range= to Part U?
Added Parameter Temperature Range= to Part U?
Added Parameter Temperature Range= to Part U?
Added Parameter Temperature Range= to Part U?
Added Parameter Temperature Range= to Part U?
Added Parameter Temperature Range= to Part U?
Added Parameter Temperature Range= to Part U?
Added Parameter Temperature Range= to Part B?
Added Parameter Temperature Range= to Part U?
Added Parameter Temperature Range= to Part U?
Added Parameter Temperature Range= to Part U?
Added Parameter Temperature Range= to Part U?
Added Parameter Temperature Range= to Part U?
Added Parameter Temperature Range= to Part U?
Added Parameter Temperature Range= to Part U?
Added Parameter Temperature Range= to Part U?
Added Parameter Temperature Range= to Part U?
Added Parameter Temperature Range= to Part U?
Added Parameter Temperature Range= to Part U?
Added Parameter Temperature Range= to Part D?
Added Parameter Temperature Range= to Part D?
Added Parameter Temperature Range= to Part D?
Added Parameter Temperature Range= to Part D?
Added Parameter Temperature Range= to Part Q?
Added Parameter Temperature Range= to Part Q?
Added Parameter Temperature Range= to Part Tr?
Added Parameter Temperature Range= to Part Q?
Added Parameter Temperature Range= to Part Tr?
Added Parameter Temperature Range= to Part Tr?
Added Parameter Temperature Range= to Part Tr?
Added Parameter Temperature Range= to Part Q?
Added Parameter Temperature Range= to Part Q?
Added Parameter Temperature Range= to Part Q?
Added Parameter Temperature Range= to Part U?
Added Parameter Temperature Range= to Part D?
Added Parameter Temperature Range= to Part D?
Added Parameter Temperature Range= to Part D?
Added Parameter Temperature Range= to Part Q?
Added Parameter Temperature Range= to Part U?
Added Parameter Temperature Range= to Part U?
Added Parameter Temperature Range= to Part DC To DC?
Added Parameter Temperature Range= to Part DC To DC?
Added Parameter Temperature Range= to Part DB?
Added Parameter Temperature Range= to Part D?
Added Parameter Temperature Range= to Part D?
Added Parameter Temperature Range= to Part D?
Added Parameter Temperature Range= to Part D?
Added Parameter Temperature Range= to Part Q?
Added Parameter Temperature Range= to Part U?
Added Parameter Temperature Range= to Part U?
Added Parameter Temperature Range= to Part M?
Added Parameter Temperature Range= to Part U?
Added Parameter Temperature Range= to Part U?
Added Parameter Temperature Range= to Part U?
Added Parameter Temperature Range= to Part U?
Added Parameter Temperature Range= to Part Q?
Added Parameter Temperature Range= to Part Q?
Added Parameter Temperature Range= to Part Q?
Added Parameter Temperature Range= to Part U?
Added Parameter Temperature Range= to Part U?
Added Parameter Temperature Range= to Part U?
Added Parameter Temperature Range= to Part U?
Added Parameter Temperature Range= to Part U?
Added Parameter Temperature Range= to Part U?
Added Parameter Temperature Range= to Part U?
Added Parameter Temperature Range= to Part U?
Added Parameter Temperature Range= to Part Q?
Added Parameter Temperature Range= to Part Q?
Added Parameter Temperature Range= to Part U?
Added Parameter Temperature Range= to Part Q?
Added Parameter Temperature Range= to Part Q?
Added Parameter Temperature Range= to Part D?
Added Parameter Temperature Range= to Part D?
Added Parameter Temperature Range= to Part U?
Added Parameter Temperature Range= to Part U?
Added Parameter Temperature Range= to Part U?
Added Parameter Temperature Range= to Part U?
Added Parameter Temperature Range= to Part U?
Added Parameter Temperature Range= to Part U?
Added Parameter Temperature Range= to Part U?
Added Parameter Temperature Range= to Part U?
Added Parameter Temperature Range= to Part U?
Added Parameter Temperature Range= to Part U5
Added Parameter Temperature Range= to Part U?
Added Parameter Temperature Range= to Part U?
Added Parameter Temperature Range= to Part U?
Added Parameter Temperature Range= to Part U?
Added Parameter Temperature Range= to Part U?
Added Parameter Temperature Range= to Part U?
Added Parameter Temperature Range= to Part U?
Added Parameter Temperature Range= to Part U5
Added Parameter Temperature Range= to Part U?
Added Parameter Temperature Range= to Part U?
Added Parameter Temperature Range= to Part U?
Added Parameter Temperature Range= to Part U?
Added Parameter Temperature Range= to Part U?
Added Parameter Temperature Range= to Part U?
Added Parameter Temperature Range= to Part U?
Added Parameter Temperature Range= to Part U?
Added Parameter Temperature Range= to Part D?
Added Parameter Temperature Range= to Part U?
Added Parameter Temperature Range= to Part U?
Added Parameter Temperature Range= to Part U?
Added Parameter Temperature Range= to Part U?
Added Parameter Temperature Range= to Part U?
Added Parameter Temperature Range= to Part U?
Added Parameter Temperature Range= to Part U?
Added Parameter Temperature Range= to Part U?
Added Parameter Temperature Range= to Part Q?
Added Parameter Temperature Range= to Part D?
Added Parameter Temperature Range= to Part U?
Added Parameter Temperature Range= to Part Q?
Added Parameter Temperature Range= to Part Q?
Added Parameter Temperature Range= to Part U?
Added Parameter Temperature Range= to Part U?
Added Parameter Temperature Range= to Part U?
Added Parameter Temperature Range= to Part U?
Added Parameter Temperature Range= to Part U?
Added Parameter Temperature Range= to Part RF?
Added Parameter Temperature Range= to Part U?
Added Parameter Temperature Range= to Part U?
Added Parameter Temperature Range= to Part U?
Added Parameter Temperature Range= to Part U?
Added Parameter Temperature Range= to Part U?
Added Parameter Temperature Range= to Part Q?
Added Parameter Temperature Range= to Part =Value
Added Parameter Temperature Range= to Part =Value
Added Parameter Temperature Range= to Part Q?
Added Parameter Temperature Range= to Part U?
Added Parameter Temperature Range= to Part U?
Added Parameter Temperature Range= to Part U?
Added Parameter Temperature Range= to Part U?
Added Parameter Temperature Range= to Part U?
Added Parameter Temperature Range= to Part U5
Added Parameter Temperature Range= to Part Q?
Added Parameter Temperature Range= to Part M?
Added Parameter Temperature Range= to Part U?
Added Parameter Temperature Range= to Part U?
Added Parameter Temperature Range= to Part U?
Added Parameter Temperature Range= to Part Sim?
Added Parameter Temperature Range= to Part U?
Added Parameter Temperature Range= to Part U?
Added Parameter Temperature Range= to Part M?
Added Parameter Temperature Range= to Part U?
Added Parameter Temperature Range= to Part U?
Added Parameter Temperature Range= to Part U?
Added Parameter Temperature Range= to Part U?
Added Parameter Temperature Range= to Part U?
Added Parameter Temperature Range= to Part U?
Added Parameter Temperature Range= to Part U?
Added Parameter Temperature Range= to Part U?
Added Parameter Temperature Range= to Part U?
Added Parameter Temperature Range= to Part U?
Added Parameter Temperature Range= to Part U?
Added Parameter Temperature Range= to Part Q?
Added Parameter Temperature Range= to Part Q?
Added Parameter Temperature Range= to Part Q?
Added Parameter Temperature Range= to Part U?
Added Parameter Temperature Range= to Part U?
Added Parameter Temperature Range= to Part U?
Added Parameter Temperature Range= to Part U?
Added Parameter Temperature Range= to Part U?
Added Parameter Temperature Range= to Part U?
Added Parameter Temperature Range= to Part U?
Added Parameter Temperature Range= to Part U?
Added Parameter Temperature Range= to Part U?
Added Parameter Temperature Range= to Part U?
Added Parameter Temperature Range= to Part U?
Added Parameter Temperature Range= to Part SCR?
Added Parameter Temperature Range= to Part U?
Added Parameter Temperature Range= to Part U?
Added Parameter Temperature Range= to Part U?
Added Parameter Temperature Range= to Part U?
Added Parameter Temperature Range= to Part U?
Added Parameter Temperature Range= to Part U?
Added Parameter Temperature Range= to Part U?
Added Parameter Temperature Range= to Part U?
Added Parameter Temperature Range= to Part U?
Added Parameter Temperature Range= to Part Q?
Added Parameter Temperature Range= to Part U?
Added Parameter Warehouse Number= to Part D?
Added Parameter Warehouse Number= to Part Q?
Added Parameter Warehouse Number= to Part Q?
Added Parameter Warehouse Number= to Part Q?
Added Parameter Warehouse Number= to Part Q?
Added Parameter Warehouse Number= to Part Q?
Added Parameter Warehouse Number= to Part Q?
Added Parameter Warehouse Number= to Part Q?
Added Parameter Warehouse Number= to Part U?
Added Parameter Warehouse Number= to Part U?
Added Parameter Warehouse Number= to Part U?
Added Parameter Warehouse Number= to Part U?
Added Parameter Warehouse Number= to Part U?
Added Parameter Warehouse Number= to Part U?
Added Parameter Warehouse Number= to Part U?
Added Parameter Warehouse Number= to Part U?
Added Parameter Warehouse Number= to Part B?
Added Parameter Warehouse Number= to Part U?
Added Parameter Warehouse Number= to Part U?
Added Parameter Warehouse Number= to Part U?
Added Parameter Warehouse Number= to Part U?
Added Parameter Warehouse Number= to Part U?
Added Parameter Warehouse Number= to Part U?
Added Parameter Warehouse Number= to Part U?
Added Parameter Warehouse Number= to Part U?
Added Parameter Warehouse Number= to Part U?
Added Parameter Warehouse Number= to Part U?
Added Parameter Warehouse Number= to Part U?
Added Parameter Warehouse Number= to Part D?
Added Parameter Warehouse Number= to Part D?
Added Parameter Warehouse Number= to Part D?
Added Parameter Warehouse Number= to Part D?
Added Parameter Warehouse Number= to Part Q?
Added Parameter Warehouse Number= to Part Q?
Added Parameter Warehouse Number= to Part Tr?
Added Parameter Warehouse Number= to Part Q?
Added Parameter Warehouse Number= to Part Tr?
Added Parameter Warehouse Number= to Part Tr?
Added Parameter Warehouse Number= to Part Tr?
Added Parameter Warehouse Number= to Part Q?
Added Parameter Warehouse Number= to Part Q?
Added Parameter Warehouse Number= to Part Q?
Added Parameter Warehouse Number= to Part U?
Added Parameter Warehouse Number= to Part D?
Added Parameter Warehouse Number= to Part D?
Added Parameter Warehouse Number= to Part D?
Added Parameter Warehouse Number= to Part Q?
Added Parameter Warehouse Number= to Part U?
Added Parameter Warehouse Number= to Part U?
Added Parameter Warehouse Number= to Part DC To DC?
Added Parameter Warehouse Number= to Part DC To DC?
Added Parameter Warehouse Number= to Part DB?
Added Parameter Warehouse Number= to Part D?
Added Parameter Warehouse Number= to Part D?
Added Parameter Warehouse Number= to Part D?
Added Parameter Warehouse Number= to Part D?
Added Parameter Warehouse Number= to Part Q?
Added Parameter Warehouse Number= to Part U?
Added Parameter Warehouse Number= to Part U?
Added Parameter Warehouse Number= to Part M?
Added Parameter Warehouse Number= to Part U?
Added Parameter Warehouse Number= to Part U?
Added Parameter Warehouse Number= to Part U?
Added Parameter Warehouse Number= to Part U?
Added Parameter Warehouse Number= to Part Q?
Added Parameter Warehouse Number= to Part Q?
Added Parameter Warehouse Number= to Part Q?
Added Parameter Warehouse Number= to Part U?
Added Parameter Warehouse Number= to Part U?
Added Parameter Warehouse Number= to Part U?
Added Parameter Warehouse Number= to Part U?
Added Parameter Warehouse Number= to Part U?
Added Parameter Warehouse Number= to Part U?
Added Parameter Warehouse Number= to Part U?
Added Parameter Warehouse Number= to Part U?
Added Parameter Warehouse Number= to Part Q?
Added Parameter Warehouse Number= to Part Q?
Added Parameter Warehouse Number= to Part U?
Added Parameter Warehouse Number= to Part Q?
Added Parameter Warehouse Number= to Part Q?
Added Parameter Warehouse Number= to Part D?
Added Parameter Warehouse Number= to Part D?
Added Parameter Warehouse Number= to Part U?
Added Parameter Warehouse Number= to Part U?
Added Parameter Warehouse Number= to Part U?
Added Parameter Warehouse Number= to Part U?
Added Parameter Warehouse Number= to Part U?
Added Parameter Warehouse Number= to Part U?
Added Parameter Warehouse Number= to Part U?
Added Parameter Warehouse Number= to Part U?
Added Parameter Warehouse Number= to Part U?
Added Parameter Warehouse Number= to Part U5
Added Parameter Warehouse Number= to Part U?
Added Parameter Warehouse Number= to Part U?
Added Parameter Warehouse Number= to Part U?
Added Parameter Warehouse Number= to Part U?
Added Parameter Warehouse Number= to Part U?
Added Parameter Warehouse Number= to Part U?
Added Parameter Warehouse Number= to Part U?
Added Parameter Warehouse Number= to Part U5
Added Parameter Warehouse Number= to Part U?
Added Parameter Warehouse Number= to Part U?
Added Parameter Warehouse Number= to Part U?
Added Parameter Warehouse Number= to Part U?
Added Parameter Warehouse Number= to Part U?
Added Parameter Warehouse Number= to Part U?
Added Parameter Warehouse Number= to Part U?
Added Parameter Warehouse Number= to Part U?
Added Parameter Warehouse Number= to Part D?
Added Parameter Warehouse Number= to Part U?
Added Parameter Warehouse Number= to Part U?
Added Parameter Warehouse Number= to Part U?
Added Parameter Warehouse Number= to Part U?
Added Parameter Warehouse Number= to Part U?
Added Parameter Warehouse Number= to Part U?
Added Parameter Warehouse Number= to Part U?
Added Parameter Warehouse Number= to Part U?
Added Parameter Warehouse Number= to Part Q?
Added Parameter Warehouse Number= to Part D?
Added Parameter Warehouse Number= to Part U?
Added Parameter Warehouse Number= to Part Q?
Added Parameter Warehouse Number= to Part Q?
Added Parameter Warehouse Number= to Part U?
Added Parameter Warehouse Number= to Part U?
Added Parameter Warehouse Number= to Part U?
Added Parameter Warehouse Number= to Part U?
Added Parameter Warehouse Number= to Part U?
Added Parameter Warehouse Number= to Part RF?
Added Parameter Warehouse Number= to Part U?
Added Parameter Warehouse Number= to Part U?
Added Parameter Warehouse Number= to Part U?
Added Parameter Warehouse Number= to Part U?
Added Parameter Warehouse Number= to Part U?
Added Parameter Warehouse Number= to Part Q?
Added Parameter Warehouse Number= to Part =Value
Added Parameter Warehouse Number= to Part =Value
Added Parameter Warehouse Number= to Part Q?
Added Parameter Warehouse Number= to Part U?
Added Parameter Warehouse Number= to Part U?
Added Parameter Warehouse Number= to Part U?
Added Parameter Warehouse Number= to Part U?
Added Parameter Warehouse Number= to Part U?
Added Parameter Warehouse Number= to Part U5
Added Parameter Warehouse Number= to Part Q?
Added Parameter Warehouse Number= to Part M?
Added Parameter Warehouse Number= to Part U?
Added Parameter Warehouse Number= to Part U?
Added Parameter Warehouse Number= to Part U?
Added Parameter Warehouse Number= to Part Sim?
Added Parameter Warehouse Number= to Part U?
Added Parameter Warehouse Number= to Part U?
Added Parameter Warehouse Number= to Part M?
Added Parameter Warehouse Number= to Part U?
Added Parameter Warehouse Number= to Part U?
Added Parameter Warehouse Number= to Part U?
Added Parameter Warehouse Number= to Part U?
Added Parameter Warehouse Number= to Part U?
Added Parameter Warehouse Number= to Part U?
Added Parameter Warehouse Number= to Part U?
Added Parameter Warehouse Number= to Part U?
Added Parameter Warehouse Number= to Part U?
Added Parameter Warehouse Number= to Part U?
Added Parameter Warehouse Number= to Part U?
Added Parameter Warehouse Number= to Part Q?
Added Parameter Warehouse Number= to Part Q?
Added Parameter Warehouse Number= to Part Q?
Added Parameter Warehouse Number= to Part U?
Added Parameter Warehouse Number= to Part U?
Added Parameter Warehouse Number= to Part U?
Added Parameter Warehouse Number= to Part U?
Added Parameter Warehouse Number= to Part U?
Added Parameter Warehouse Number= to Part U?
Added Parameter Warehouse Number= to Part U?
Added Parameter Warehouse Number= to Part U?
Added Parameter Warehouse Number= to Part U?
Added Parameter Warehouse Number= to Part U?
Added Parameter Warehouse Number= to Part U?
Added Parameter Warehouse Number= to Part SCR?
Added Parameter Warehouse Number= to Part U?
Added Parameter Warehouse Number= to Part U?
Added Parameter Warehouse Number= to Part U?
Added Parameter Warehouse Number= to Part U?
Added Parameter Warehouse Number= to Part U?
Added Parameter Warehouse Number= to Part U?
Added Parameter Warehouse Number= to Part U?
Added Parameter Warehouse Number= to Part U?
Added Parameter Warehouse Number= to Part U?
Added Parameter Warehouse Number= to Part Q?
Added Parameter Warehouse Number= to Part U?
