Change Value of Parameter Temperature Range in Part D? Old= New=-xx°C ~ xxx°C
Change Value of Parameter Temperature Range in Part Q? Old= New=-xx°C ~ xxx°C
Change Value of Parameter Temperature Range in Part Q? Old= New=-xx°C ~ xxx°C
Change Value of Parameter Temperature Range in Part Q? Old= New=-xx°C ~ xxx°C
Change Value of Parameter Temperature Range in Part Q? Old= New=-xx°C ~ xxx°C
Change Value of Parameter Temperature Range in Part Q? Old= New=-xx°C ~ xxx°C
Change Value of Parameter Temperature Range in Part Q? Old= New=-xx°C ~ xxx°C
Change Value of Parameter Temperature Range in Part Q? Old= New=-xx°C ~ xxx°C
Change Value of Parameter Temperature Range in Part U? Old= New=-xx°C ~ xxx°C
Change Value of Parameter Temperature Range in Part U? Old= New=-xx°C ~ xxx°C
Change Value of Parameter Temperature Range in Part U? Old= New=-xx°C ~ xxx°C
Change Value of Parameter Temperature Range in Part U? Old= New=-xx°C ~ xxx°C
Change Value of Parameter Temperature Range in Part U? Old= New=-xx°C ~ xxx°C
Change Value of Parameter Temperature Range in Part U? Old= New=-xx°C ~ xxx°C
Change Value of Parameter Temperature Range in Part U? Old= New=-xx°C ~ xxx°C
Change Value of Parameter Temperature Range in Part U? Old= New=-xx°C ~ xxx°C
Change Value of Parameter Temperature Range in Part B? Old= New=-xx°C ~ xxx°C
Change Value of Parameter Temperature Range in Part U? Old= New=-xx°C ~ xxx°C
Change Value of Parameter Temperature Range in Part U? Old= New=-xx°C ~ xxx°C
Change Value of Parameter Temperature Range in Part U? Old= New=-xx°C ~ xxx°C
Change Value of Parameter Temperature Range in Part U? Old= New=-xx°C ~ xxx°C
Change Value of Parameter Temperature Range in Part U? Old= New=-xx°C ~ xxx°C
Change Value of Parameter Temperature Range in Part U? Old= New=-xx°C ~ xxx°C
Change Value of Parameter Temperature Range in Part U? Old= New=-xx°C ~ xxx°C
Change Value of Parameter Temperature Range in Part U? Old= New=-xx°C ~ xxx°C
Change Value of Parameter Temperature Range in Part U? Old= New=-xx°C ~ xxx°C
Change Value of Parameter Temperature Range in Part U? Old= New=-xx°C ~ xxx°C
Change Value of Parameter Temperature Range in Part U? Old= New=-xx°C ~ xxx°C
Change Value of Parameter Temperature Range in Part D? Old= New=-xx°C ~ xxx°C
Change Value of Parameter Temperature Range in Part D? Old= New=-xx°C ~ xxx°C
Change Value of Parameter Temperature Range in Part D? Old= New=-xx°C ~ xxx°C
Change Value of Parameter Temperature Range in Part D? Old= New=-xx°C ~ xxx°C
Change Value of Parameter Temperature Range in Part Q? Old= New=-xx°C ~ xxx°C
Change Value of Parameter Temperature Range in Part Q? Old= New=-xx°C ~ xxx°C
Change Value of Parameter Temperature Range in Part Tr? Old= New=-xx°C ~ xxx°C
Change Value of Parameter Temperature Range in Part Tr? Old= New=-xx°C ~ xxx°C
Change Value of Parameter Temperature Range in Part Tr? Old= New=-xx°C ~ xxx°C
Change Value of Parameter Temperature Range in Part Q? Old= New=-xx°C ~ xxx°C
Change Value of Parameter Temperature Range in Part Q? Old= New=-xx°C ~ xxx°C
Change Value of Parameter Temperature Range in Part Q? Old= New=-xx°C ~ xxx°C
Change Value of Parameter Temperature Range in Part U? Old= New=-xx°C ~ xxx°C
Change Value of Parameter Temperature Range in Part D? Old= New=-xx°C ~ xxx°C
Change Value of Parameter Temperature Range in Part D? Old= New=-xx°C ~ xxx°C
Change Value of Parameter Temperature Range in Part D? Old= New=-xx°C ~ xxx°C
Change Value of Parameter Temperature Range in Part Q? Old= New=-xx°C ~ xxx°C
Change Value of Parameter Temperature Range in Part U? Old= New=-xx°C ~ xxx°C
Change Value of Parameter Temperature Range in Part U? Old= New=-xx°C ~ xxx°C
Change Value of Parameter Temperature Range in Part DC To DC? Old= New=-xx°C ~ xxx°C
Change Value of Parameter Temperature Range in Part DC To DC? Old= New=-xx°C ~ xxx°C
Change Value of Parameter Temperature Range in Part D? Old= New=-xx°C ~ xxx°C
Change Value of Parameter Temperature Range in Part DB? Old= New=-xx°C ~ xxx°C
Change Value of Parameter Temperature Range in Part D? Old= New=-xx°C ~ xxx°C
Change Value of Parameter Temperature Range in Part D? Old= New=-xx°C ~ xxx°C
Change Value of Parameter Temperature Range in Part D? Old= New=-xx°C ~ xxx°C
Change Value of Parameter Temperature Range in Part Q? Old= New=-xx°C ~ xxx°C
Change Value of Parameter Temperature Range in Part U? Old= New=-xx°C ~ xxx°C
Change Value of Parameter Temperature Range in Part U? Old= New=-xx°C ~ xxx°C
Change Value of Parameter Temperature Range in Part M? Old= New=-xx°C ~ xxx°C
Change Value of Parameter Temperature Range in Part U? Old= New=-xx°C ~ xxx°C
Change Value of Parameter Temperature Range in Part U? Old= New=-xx°C ~ xxx°C
Change Value of Parameter Temperature Range in Part U? Old= New=-xx°C ~ xxx°C
Change Value of Parameter Temperature Range in Part U? Old= New=-xx°C ~ xxx°C
Change Value of Parameter Temperature Range in Part Q? Old= New=-xx°C ~ xxx°C
Change Value of Parameter Temperature Range in Part Q? Old= New=-xx°C ~ xxx°C
Change Value of Parameter Temperature Range in Part Q? Old= New=-xx°C ~ xxx°C
Change Value of Parameter Temperature Range in Part U? Old= New=-xx°C ~ xxx°C
Change Value of Parameter Temperature Range in Part U? Old= New=-xx°C ~ xxx°C
Change Value of Parameter Temperature Range in Part U? Old= New=-xx°C ~ xxx°C
Change Value of Parameter Temperature Range in Part U? Old= New=-xx°C ~ xxx°C
Change Value of Parameter Temperature Range in Part U? Old= New=-xx°C ~ xxx°C
Change Value of Parameter Temperature Range in Part U? Old= New=-xx°C ~ xxx°C
Change Value of Parameter Temperature Range in Part U? Old= New=-xx°C ~ xxx°C
Change Value of Parameter Temperature Range in Part U? Old= New=-xx°C ~ xxx°C
Change Value of Parameter Temperature Range in Part Q? Old= New=-xx°C ~ xxx°C
Change Value of Parameter Temperature Range in Part Q? Old= New=-xx°C ~ xxx°C
Change Value of Parameter Temperature Range in Part U? Old= New=-xx°C ~ xxx°C
Change Value of Parameter Temperature Range in Part Q? Old= New=-xx°C ~ xxx°C
Change Value of Parameter Temperature Range in Part Q? Old= New=-xx°C ~ xxx°C
Change Value of Parameter Temperature Range in Part D? Old= New=-xx°C ~ xxx°C
Change Value of Parameter Temperature Range in Part D? Old= New=-xx°C ~ xxx°C
Change Value of Parameter Temperature Range in Part U? Old= New=-xx°C ~ xxx°C
Change Value of Parameter Temperature Range in Part U? Old= New=-xx°C ~ xxx°C
Change Value of Parameter Temperature Range in Part U? Old= New=-xx°C ~ xxx°C
Change Value of Parameter Temperature Range in Part U? Old= New=-xx°C ~ xxx°C
Change Value of Parameter Temperature Range in Part U? Old= New=-xx°C ~ xxx°C
Change Value of Parameter Temperature Range in Part U? Old= New=-xx°C ~ xxx°C
Change Value of Parameter Temperature Range in Part U? Old= New=-xx°C ~ xxx°C
Change Value of Parameter Temperature Range in Part U? Old= New=-xx°C ~ xxx°C
Change Value of Parameter Temperature Range in Part U? Old= New=-xx°C ~ xxx°C
Change Value of Parameter Temperature Range in Part U5 Old= New=-xx°C ~ xxx°C
Change Value of Parameter Temperature Range in Part U? Old= New=-xx°C ~ xxx°C
Change Value of Parameter Temperature Range in Part U? Old= New=-xx°C ~ xxx°C
Change Value of Parameter Temperature Range in Part U? Old= New=-xx°C ~ xxx°C
Change Value of Parameter Temperature Range in Part U? Old= New=-xx°C ~ xxx°C
Change Value of Parameter Temperature Range in Part U? Old= New=-xx°C ~ xxx°C
Change Value of Parameter Temperature Range in Part U? Old= New=-xx°C ~ xxx°C
Change Value of Parameter Temperature Range in Part U? Old= New=-xx°C ~ xxx°C
Change Value of Parameter Temperature Range in Part U5 Old= New=-xx°C ~ xxx°C
Change Value of Parameter Temperature Range in Part U? Old= New=-xx°C ~ xxx°C
Change Value of Parameter Temperature Range in Part U? Old= New=-xx°C ~ xxx°C
Change Value of Parameter Temperature Range in Part U? Old= New=-xx°C ~ xxx°C
Change Value of Parameter Temperature Range in Part U? Old= New=-xx°C ~ xxx°C
Change Value of Parameter Temperature Range in Part U? Old= New=-xx°C ~ xxx°C
Change Value of Parameter Temperature Range in Part U? Old= New=-xx°C ~ xxx°C
Change Value of Parameter Temperature Range in Part U? Old= New=-xx°C ~ xxx°C
Change Value of Parameter Temperature Range in Part U? Old= New=-xx°C ~ xxx°C
Change Value of Parameter Temperature Range in Part D? Old= New=-xx°C ~ xxx°C
Change Value of Parameter Temperature Range in Part U? Old= New=-xx°C ~ xxx°C
Change Value of Parameter Temperature Range in Part U? Old= New=-xx°C ~ xxx°C
Change Value of Parameter Temperature Range in Part U? Old= New=-xx°C ~ xxx°C
Change Value of Parameter Temperature Range in Part U? Old= New=-xx°C ~ xxx°C
Change Value of Parameter Temperature Range in Part U? Old= New=-xx°C ~ xxx°C
Change Value of Parameter Temperature Range in Part U? Old= New=-xx°C ~ xxx°C
Change Value of Parameter Temperature Range in Part U? Old= New=-xx°C ~ xxx°C
Change Value of Parameter Temperature Range in Part U? Old= New=-xx°C ~ xxx°C
Change Value of Parameter Temperature Range in Part Q? Old= New=-xx°C ~ xxx°C
Change Value of Parameter Temperature Range in Part D? Old= New=-xx°C ~ xxx°C
Change Value of Parameter Temperature Range in Part U? Old= New=-xx°C ~ xxx°C
Change Value of Parameter Temperature Range in Part Q? Old= New=-xx°C ~ xxx°C
Change Value of Parameter Temperature Range in Part Q? Old= New=-xx°C ~ xxx°C
Change Value of Parameter Temperature Range in Part U? Old= New=-xx°C ~ xxx°C
Change Value of Parameter Temperature Range in Part U? Old= New=-xx°C ~ xxx°C
Change Value of Parameter Temperature Range in Part U? Old= New=-xx°C ~ xxx°C
Change Value of Parameter Temperature Range in Part U? Old= New=-xx°C ~ xxx°C
Change Value of Parameter Temperature Range in Part U? Old=-40 to 150 New=-xx°C ~ xxx°C
Change Value of Parameter Temperature Range in Part RF? Old= New=-xx°C ~ xxx°C
Change Value of Parameter Temperature Range in Part U? Old= New=-xx°C ~ xxx°C
Change Value of Parameter Temperature Range in Part U? Old= New=-xx°C ~ xxx°C
Change Value of Parameter Temperature Range in Part U? Old= New=-xx°C ~ xxx°C
Change Value of Parameter Temperature Range in Part U? Old= New=-xx°C ~ xxx°C
Change Value of Parameter Temperature Range in Part U? Old= New=-xx°C ~ xxx°C
Change Value of Parameter Temperature Range in Part Q? Old= New=-xx°C ~ xxx°C
Change Value of Parameter Temperature Range in Part =Value Old= New=-xx°C ~ xxx°C
Change Value of Parameter Temperature Range in Part =Value Old= New=-xx°C ~ xxx°C
Change Value of Parameter Temperature Range in Part Q? Old= New=-xx°C ~ xxx°C
Change Value of Parameter Temperature Range in Part U? Old= New=-xx°C ~ xxx°C
Change Value of Parameter Temperature Range in Part U? Old= New=-xx°C ~ xxx°C
Change Value of Parameter Temperature Range in Part U? Old= New=-xx°C ~ xxx°C
Change Value of Parameter Temperature Range in Part U? Old= New=-xx°C ~ xxx°C
Change Value of Parameter Temperature Range in Part U? Old= New=-xx°C ~ xxx°C
Change Value of Parameter Temperature Range in Part U5 Old= New=-xx°C ~ xxx°C
Change Value of Parameter Temperature Range in Part Q? Old= New=-xx°C ~ xxx°C
Change Value of Parameter Temperature Range in Part M? Old= New=-xx°C ~ xxx°C
Change Value of Parameter Temperature Range in Part U? Old= New=-xx°C ~ xxx°C
Change Value of Parameter Temperature Range in Part U? Old= New=-xx°C ~ xxx°C
Change Value of Parameter Temperature Range in Part U? Old= New=-xx°C ~ xxx°C
Change Value of Parameter Temperature Range in Part Sim? Old= New=-xx°C ~ xxx°C
Change Value of Parameter Temperature Range in Part U? Old= New=-xx°C ~ xxx°C
Change Value of Parameter Temperature Range in Part U? Old= New=-xx°C ~ xxx°C
Change Value of Parameter Temperature Range in Part M? Old= New=-xx°C ~ xxx°C
Change Value of Parameter Temperature Range in Part U? Old= New=-xx°C ~ xxx°C
Change Value of Parameter Temperature Range in Part U? Old= New=-xx°C ~ xxx°C
Change Value of Parameter Temperature Range in Part U? Old= New=-xx°C ~ xxx°C
Change Value of Parameter Temperature Range in Part U? Old= New=-xx°C ~ xxx°C
Change Value of Parameter Temperature Range in Part U? Old= New=-xx°C ~ xxx°C
Change Value of Parameter Temperature Range in Part U? Old= New=-xx°C ~ xxx°C
Change Value of Parameter Temperature Range in Part U? Old= New=-xx°C ~ xxx°C
Change Value of Parameter Temperature Range in Part U? Old= New=-xx°C ~ xxx°C
Change Value of Parameter Temperature Range in Part U? Old= New=-xx°C ~ xxx°C
Change Value of Parameter Temperature Range in Part U? Old= New=-xx°C ~ xxx°C
Change Value of Parameter Temperature Range in Part U? Old= New=-xx°C ~ xxx°C
Change Value of Parameter Temperature Range in Part Q? Old= New=-xx°C ~ xxx°C
Change Value of Parameter Temperature Range in Part Q? Old= New=-xx°C ~ xxx°C
Change Value of Parameter Temperature Range in Part Q? Old= New=-xx°C ~ xxx°C
Change Value of Parameter Temperature Range in Part U? Old= New=-xx°C ~ xxx°C
Change Value of Parameter Temperature Range in Part U? Old= New=-xx°C ~ xxx°C
Change Value of Parameter Temperature Range in Part U? Old= New=-xx°C ~ xxx°C
Change Value of Parameter Temperature Range in Part U? Old= New=-xx°C ~ xxx°C
Change Value of Parameter Temperature Range in Part U? Old= New=-xx°C ~ xxx°C
Change Value of Parameter Temperature Range in Part U? Old= New=-xx°C ~ xxx°C
Change Value of Parameter Temperature Range in Part U? Old= New=-xx°C ~ xxx°C
Change Value of Parameter Temperature Range in Part U? Old= New=-xx°C ~ xxx°C
Change Value of Parameter Temperature Range in Part U? Old= New=-xx°C ~ xxx°C
Change Value of Parameter Temperature Range in Part U? Old= New=-xx°C ~ xxx°C
Change Value of Parameter Temperature Range in Part U? Old= New=-xx°C ~ xxx°C
Change Value of Parameter Temperature Range in Part SCR? Old= New=-xx°C ~ xxx°C
Change Value of Parameter Temperature Range in Part U? Old= New=-xx°C ~ xxx°C
Change Value of Parameter Temperature Range in Part U? Old= New=-xx°C ~ xxx°C
Change Value of Parameter Temperature Range in Part U? Old= New=-xx°C ~ xxx°C
Change Value of Parameter Temperature Range in Part U? Old= New=-xx°C ~ xxx°C
Change Value of Parameter Temperature Range in Part U? Old= New=-xx°C ~ xxx°C
Change Value of Parameter Temperature Range in Part U? Old= New=-xx°C ~ xxx°C
Change Value of Parameter Temperature Range in Part U? Old= New=-xx°C ~ xxx°C
Change Value of Parameter Temperature Range in Part U? Old= New=-xx°C ~ xxx°C
Change Value of Parameter Temperature Range in Part U? Old= New=-xx°C ~ xxx°C
Change Value of Parameter Temperature Range in Part Q? Old= New=-xx°C ~ xxx°C
Change Value of Parameter Temperature Range in Part U? Old= New=-xx°C ~ xxx°C
