Change Value of Parameter Temperature Range in Part DS? Old=-55°C ~ 155°C New=-55°C ~ 155 °C
Change Value of Parameter Temperature Range in Part DS? Old=-55°C ~ 155°C New=-55°C ~ 155 °C
Change Value of Parameter Temperature Range in Part DS? Old=-55°C ~ 155°C New=-55°C ~ 155 °C
Change Value of Parameter Temperature Range in Part DS? Old=-55°C ~ 155°C New=-55°C ~ 155 °C
Change Value of Parameter Temperature Range in Part B? Old=-55°C ~ 155°C New=-55°C ~ 155 °C
Change Value of Parameter Temperature Range in Part SP? Old=-55°C ~ 155°C New=-55°C ~ 155 °C
Change Value of Parameter Temperature Range in Part C? Old=-55°C ~ 125 °C New=-55°C ~ 155 °C
Change Value of Parameter Temperature Range in Part C? Old=-55°C ~ 105 °C New=-55°C ~ 155 °C
Change Value of Parameter Temperature Range in Part C? Old=-55°C ~ 155°C New=-55°C ~ 155 °C
Change Value of Parameter Temperature Range in Part C? Old=-55°C ~ 155°C New=-55°C ~ 155 °C
Change Value of Parameter Temperature Range in Part U? Old=-55°C ~ 155°C New=-55°C ~ 155 °C
Change Value of Parameter Temperature Range in Part X? Old=-55°C ~ 155°C New=-55°C ~ 155 °C
Change Value of Parameter Temperature Range in Part X? Old=-55°C ~ 155°C New=-55°C ~ 155 °C
Change Value of Parameter Temperature Range in Part Disp? Old=-55°C ~ 155°C New=-55°C ~ 155 °C
Change Value of Parameter Temperature Range in Part FB? Old=-55°C ~ 155°C New=-55°C ~ 155 °C
Change Value of Parameter Temperature Range in Part F? Old=-55°C ~ 155°C New=-55°C ~ 155 °C
Change Value of Parameter Temperature Range in Part L? Old=-55°C ~ 155°C New=-55°C ~ 155 °C
Change Value of Parameter Temperature Range in Part * Old=-55°C ~ 155°C New=-55°C ~ 155 °C
Change Value of Parameter Temperature Range in Part LCD? Old=-55°C ~ 155°C New=-55°C ~ 155 °C
Change Value of Parameter Temperature Range in Part * Old=-55°C ~ 155°C New=-55°C ~ 155 °C
Change Value of Parameter Temperature Range in Part LCD? Old=-55°C ~ 155°C New=-55°C ~ 155 °C
Change Value of Parameter Temperature Range in Part LCD? Old=-55°C ~ 155°C New=-55°C ~ 155 °C
Change Value of Parameter Temperature Range in Part LCD? Old=-55°C ~ 155°C New=-55°C ~ 155 °C
Change Value of Parameter Temperature Range in Part D? Old=-55°C ~ 155°C New=-55°C ~ 155 °C
Change Value of Parameter Temperature Range in Part R? Old=-55°C ~ 155°C New=-55°C ~ 155 °C
Change Value of Parameter Temperature Range in Part R? Old=-55°C ~ 155°C New=-55°C ~ 155 °C
Change Value of Parameter Temperature Range in Part K? Old=-55°C ~ 155°C New=-55°C ~ 155 °C
Change Value of Parameter Temperature Range in Part Relay? Old=-55°C ~ 155°C New=-55°C ~ 155 °C
Change Value of Parameter Temperature Range in Part K? Old=-55°C ~ 155°C New=-55°C ~ 155 °C
Change Value of Parameter Temperature Range in Part K? Old=-55°C ~ 155°C New=-55°C ~ 155 °C
Change Value of Parameter Temperature Range in Part R? Old=-55°C ~ 155°C New=-55°C ~ 155 °C
Change Value of Parameter Temperature Range in Part R? Old=-55°C ~ 155°C New=-55°C ~ 155 °C
Change Value of Parameter Temperature Range in Part S? Old=-55°C ~ 155°C New=-55°C ~ 155 °C
Change Value of Parameter Temperature Range in Part S? Old=-55°C ~ 155°C New=-55°C ~ 155 °C
Change Value of Parameter Temperature Range in Part S? Old=-55°C ~ 155°C New=-55°C ~ 155 °C
Change Value of Parameter Temperature Range in Part Logo Old=-55°C ~ 155°C New=-55°C ~ 155 °C
Change Value of Parameter Temperature Range in Part T? Old=-55°C ~ 155°C New=-55°C ~ 155 °C
Change Value of Parameter Temperature Range in Part T? Old=-55°C ~ 155°C New=-55°C ~ 155 °C
Change Value of Parameter Temperature Range in Part T? Old=-55°C ~ 155°C New=-55°C ~ 155 °C
Change Value of Parameter Temperature Range in Part T? Old=-55°C ~ 155°C New=-55°C ~ 155 °C
Change Value of Parameter Temperature Range in Part VDR? Old=-55°C ~ 155°C New=-55°C ~ 155 °C
Change Value of Parameter Temperature Range in Part R? Old=-55°C ~ 155°C New=-55°C ~ 155 °C
