Added Parameter Pacakge=0603 to Part DS?
Added Parameter Pacakge=0603 to Part DS?
Added Parameter Pacakge=0603 to Part DS?
Added Parameter Pacakge=0603 to Part DS?
Added Parameter Pacakge=0603 to Part B?
Added Parameter Pacakge=0603 to Part SP?
Added Parameter Pacakge=0603 to Part C?
Added Parameter Pacakge=0603 to Part C?
Added Parameter Pacakge=0603 to Part C?
Added Parameter Pacakge=0603 to Part C?
Added Parameter Pacakge=0603 to Part U?
Added Parameter Pacakge=0603 to Part X?
Added Parameter Pacakge=0603 to Part X?
Added Parameter Pacakge=0603 to Part Disp?
Added Parameter Pacakge=0603 to Part FB?
Added Parameter Pacakge=0603 to Part F?
Added Parameter Pacakge=0603 to Part L?
Added Parameter Pacakge=0603 to Part *
Added Parameter Pacakge=0603 to Part LCD?
Added Parameter Pacakge=0603 to Part *
Added Parameter Pacakge=0603 to Part LCD?
Added Parameter Pacakge=0603 to Part LCD?
Added Parameter Pacakge=0603 to Part LCD?
Added Parameter Pacakge=0603 to Part D?
Added Parameter Pacakge=0603 to Part R?
Added Parameter Pacakge=0603 to Part R?
Added Parameter Pacakge=0603 to Part K?
Added Parameter Pacakge=0603 to Part Relay?
Added Parameter Pacakge=0603 to Part K?
Added Parameter Pacakge=0603 to Part K?
Added Parameter Pacakge=0603 to Part RR?
Added Parameter Pacakge=0603 to Part RR?
Added Parameter Pacakge=0603 to Part R?
Added Parameter Pacakge=0603 to Part R?
Added Parameter Pacakge=0603 to Part S?
Added Parameter Pacakge=0603 to Part S?
Added Parameter Pacakge=0603 to Part S?
Added Parameter Pacakge=0603 to Part Logo
Added Parameter Pacakge=0603 to Part T?
Added Parameter Pacakge=0603 to Part T?
Added Parameter Pacakge=0603 to Part T?
Added Parameter Pacakge=0603 to Part T?
Added Parameter Pacakge=0603 to Part VDR?
Added Parameter Pacakge=0603 to Part R?
