Change Value of Parameter Specification in Part RR? Old=='Array Resistors ' + Value + ' ohms ' +Tolerance  + '  -55°C ~ 155°C' New=='Array Resistors ' + Value + ' ohms ' +Tolerance
Change Value of Parameter Specification in Part RR? Old=='Array Resistors ' + Value + ' ohms ' +Tolerance  + '  -55°C ~ 155°C' New=='Array Resistors ' + Value + ' ohms ' +Tolerance 
Added Parameter Temperature Range=-55°C ~ 155°C to Part DS?
Added Parameter Temperature Range=-55°C ~ 155°C to Part DS?
Added Parameter Temperature Range=-55°C ~ 155°C to Part DS?
Added Parameter Temperature Range=-55°C ~ 155°C to Part DS?
Added Parameter Temperature Range=-55°C ~ 155°C to Part B?
Added Parameter Temperature Range=-55°C ~ 155°C to Part SP?
Added Parameter Temperature Range=-55°C ~ 155°C to Part C?
Added Parameter Temperature Range=-55°C ~ 155°C to Part C?
Added Parameter Temperature Range=-55°C ~ 155°C to Part C?
Added Parameter Temperature Range=-55°C ~ 155°C to Part C?
Added Parameter Temperature Range=-55°C ~ 155°C to Part U?
Added Parameter Temperature Range=-55°C ~ 155°C to Part X?
Added Parameter Temperature Range=-55°C ~ 155°C to Part X?
Added Parameter Temperature Range=-55°C ~ 155°C to Part Disp?
Added Parameter Temperature Range=-55°C ~ 155°C to Part FB?
Added Parameter Temperature Range=-55°C ~ 155°C to Part F?
Added Parameter Temperature Range=-55°C ~ 155°C to Part L?
Added Parameter Temperature Range=-55°C ~ 155°C to Part *
Added Parameter Temperature Range=-55°C ~ 155°C to Part LCD?
Added Parameter Temperature Range=-55°C ~ 155°C to Part *
Added Parameter Temperature Range=-55°C ~ 155°C to Part LCD?
Added Parameter Temperature Range=-55°C ~ 155°C to Part LCD?
Added Parameter Temperature Range=-55°C ~ 155°C to Part LCD?
Added Parameter Temperature Range=-55°C ~ 155°C to Part D?
Added Parameter Temperature Range=-55°C ~ 155°C to Part R?
Added Parameter Temperature Range=-55°C ~ 155°C to Part R?
Added Parameter Temperature Range=-55°C ~ 155°C to Part K?
Added Parameter Temperature Range=-55°C ~ 155°C to Part Relay?
Added Parameter Temperature Range=-55°C ~ 155°C to Part K?
Added Parameter Temperature Range=-55°C ~ 155°C to Part K?
Added Parameter Temperature Range=-55°C ~ 155°C to Part RR?
Added Parameter Temperature Range=-55°C ~ 155°C to Part RR?
Added Parameter Temperature Range=-55°C ~ 155°C to Part R?
Added Parameter Temperature Range=-55°C ~ 155°C to Part R?
Added Parameter Temperature Range=-55°C ~ 155°C to Part S?
Added Parameter Temperature Range=-55°C ~ 155°C to Part S?
Added Parameter Temperature Range=-55°C ~ 155°C to Part S?
Added Parameter Temperature Range=-55°C ~ 155°C to Part Logo
Added Parameter Temperature Range=-55°C ~ 155°C to Part T?
Added Parameter Temperature Range=-55°C ~ 155°C to Part T?
Added Parameter Temperature Range=-55°C ~ 155°C to Part T?
Added Parameter Temperature Range=-55°C ~ 155°C to Part T?
Added Parameter Temperature Range=-55°C ~ 155°C to Part VDR?
Added Parameter Temperature Range=-55°C ~ 155°C to Part R?
