Removed Parameter Adding Date:1387/01/10 from Part SW?
Removed Parameter Arrow Part Number:B3F-4050 from Part SW?
Removed Parameter Arrow Price/Stock:https://www.arrow.com/en/products/b3f4050/omron?region=nac from Part SW?
Removed Parameter Company:ControTEK from Part SW?
Removed Parameter Company:E.P.I.L from Part S?
Removed Parameter Datasheet Link:https://www.omron.com/ecb/products/pdf/en-b3f.pdf from Part SW?
Removed Parameter Design date:2011/11/02 from Part S?
Removed Parameter Designer:Saeid Jorablo from Part SW?
Removed Parameter Geometry.Height:7.5mm from Part SW?
Removed Parameter Manufacturer_Name:Omron Electronics from Part SW?
Removed Parameter Manufacturer_Part_Number:B3F-4050 from Part SW?
Removed Parameter Mouser Part Number:653-B3F-4050 from Part SW?
Removed Parameter Mouser Price/Stock:https://www.mouser.co.uk/ProductDetail/Omron-Electronics/B3F-4050?qs=B3tblJ0Nlt9ObBVoLmesBQ%3D%3D from Part SW?
Removed Parameter Value: from Part SW?
Removed Parameter Value:Rotary Encoder from Part RE?
Removed Parameter Value:SP86-B1 from Part SW?
Removed Parameter Value:SW-PB from Part SW?
Removed Parameter Value:SW-Remote from Part SW?
Added Parameter PartNumber= to Part S?
Added Parameter PartNumber= to Part SW?
Added Parameter PartNumber= to Part SW?
Added Parameter PartNumber= to Part S?
Added Parameter PartNumber= to Part S?
Added Parameter PartNumber= to Part S?
Added Parameter PartNumber= to Part S?
Added Parameter PartNumber= to Part S?
Added Parameter PartNumber= to Part S?
Added Parameter PartNumber= to Part S?
Added Parameter PartNumber= to Part S?
Added Parameter PartNumber= to Part S?
Added Parameter PartNumber= to Part S?
Added Parameter PartNumber= to Part S?
Added Parameter PartNumber= to Part RE?
Added Parameter PartNumber= to Part SW?
Added Parameter PartNumber= to Part SW?
Added Parameter PartNumber= to Part SW?
Added Parameter PartNumber= to Part SW?
Added Parameter SMD Code= to Part S?
Added Parameter SMD Code= to Part SW?
Added Parameter SMD Code= to Part SW?
Added Parameter SMD Code= to Part S?
Added Parameter SMD Code= to Part S?
Added Parameter SMD Code= to Part S?
Added Parameter SMD Code= to Part S?
Added Parameter SMD Code= to Part S?
Added Parameter SMD Code= to Part S?
Added Parameter SMD Code= to Part S?
Added Parameter SMD Code= to Part S?
Added Parameter SMD Code= to Part S?
Added Parameter SMD Code= to Part S?
Added Parameter SMD Code= to Part S?
Added Parameter SMD Code= to Part RE?
Added Parameter SMD Code= to Part SW?
Added Parameter SMD Code= to Part SW?
Added Parameter SMD Code= to Part SW?
Added Parameter SMD Code= to Part SW?
Added Parameter Specification= to Part S?
Added Parameter Specification= to Part SW?
Added Parameter Specification= to Part SW?
Added Parameter Specification= to Part S?
Added Parameter Specification= to Part S?
Added Parameter Specification= to Part S?
Added Parameter Specification= to Part S?
Added Parameter Specification= to Part S?
Added Parameter Specification= to Part S?
Added Parameter Specification= to Part S?
Added Parameter Specification= to Part S?
Added Parameter Specification= to Part S?
Added Parameter Specification= to Part S?
Added Parameter Specification= to Part S?
Added Parameter Specification= to Part RE?
Added Parameter Specification= to Part SW?
Added Parameter Specification= to Part SW?
Added Parameter Specification= to Part SW?
Added Parameter Specification= to Part SW?
Added Parameter Temperature Range= to Part S?
Added Parameter Temperature Range= to Part SW?
Added Parameter Temperature Range= to Part SW?
Added Parameter Temperature Range= to Part S?
Added Parameter Temperature Range= to Part S?
Added Parameter Temperature Range= to Part S?
Added Parameter Temperature Range= to Part S?
Added Parameter Temperature Range= to Part S?
Added Parameter Temperature Range= to Part S?
Added Parameter Temperature Range= to Part S?
Added Parameter Temperature Range= to Part S?
Added Parameter Temperature Range= to Part S?
Added Parameter Temperature Range= to Part S?
Added Parameter Temperature Range= to Part S?
Added Parameter Temperature Range= to Part RE?
Added Parameter Temperature Range= to Part SW?
Added Parameter Temperature Range= to Part SW?
Added Parameter Temperature Range= to Part SW?
Added Parameter Temperature Range= to Part SW?
Added Parameter Warehouse Number= to Part S?
Added Parameter Warehouse Number= to Part SW?
Added Parameter Warehouse Number= to Part SW?
Added Parameter Warehouse Number= to Part S?
Added Parameter Warehouse Number= to Part S?
Added Parameter Warehouse Number= to Part S?
Added Parameter Warehouse Number= to Part S?
Added Parameter Warehouse Number= to Part S?
Added Parameter Warehouse Number= to Part S?
Added Parameter Warehouse Number= to Part S?
Added Parameter Warehouse Number= to Part S?
Added Parameter Warehouse Number= to Part S?
Added Parameter Warehouse Number= to Part S?
Added Parameter Warehouse Number= to Part S?
Added Parameter Warehouse Number= to Part RE?
Added Parameter Warehouse Number= to Part SW?
Added Parameter Warehouse Number= to Part SW?
Added Parameter Warehouse Number= to Part SW?
Added Parameter Warehouse Number= to Part SW?
